2022-12-04 21:33:55 +0000: Memory Usage (540948K) : Starting running GF180MCU Klayout DRC runset on /root/gf180-demo/caravel_user_project/gds/user_project_wrapper.gds
2022-12-04 21:33:55 +0000: Memory Usage (540948K) : Ruby Version for klayout: 2.0.0
2022-12-04 21:33:55 +0000: Memory Usage (544748K) : Loading database to memory is complete.
2022-12-04 21:33:55 +0000: Memory Usage (544748K) : GF180MCU Klayout DRC runset output at: /root/gf180-demo/caravel_user_project/precheck_results/04_DEC_2022___21_29_09/outputs/reports/klayout_offgrid_check.xml
2022-12-04 21:33:55 +0000: Memory Usage (544748K) : Number of threads to use 4
2022-12-04 21:33:55 +0000: Memory Usage (544748K) : flat  mode is enabled.
2022-12-04 21:33:55 +0000: Memory Usage (544748K) : Read in polygons from layers.
2022-12-04 21:33:59 +0000: Memory Usage (575348K) : Starting deriving base layers.
2022-12-04 21:34:00 +0000: Memory Usage (593096K) : Evaluate switches.
2022-12-04 21:34:00 +0000: Memory Usage (593096K) : FEOL is disabled.
2022-12-04 21:34:00 +0000: Memory Usage (593096K) : BEOL is disabled.
2022-12-04 21:34:00 +0000: Memory Usage (593096K) : connectivity rules are enabled.
2022-12-04 21:34:00 +0000: Memory Usage (593096K) : METAL_TOP Selected is 9K
2022-12-04 21:34:00 +0000: Memory Usage (593096K) : METAL_STACK Selected is 5LM
2022-12-04 21:34:00 +0000: Memory Usage (593096K) : Wedge enabled  true
2022-12-04 21:34:00 +0000: Memory Usage (593096K) : Ball enabled  true
2022-12-04 21:34:00 +0000: Memory Usage (593096K) : Gold enabled  true
2022-12-04 21:34:00 +0000: Memory Usage (593096K) : MIM Option selected B
/root/mpw_precheck/checks/tech-files/gf180mcuC_mr.drc:543: warning: already initialized constant DRC::DRCEngine::OFFGRID
/root/mpw_precheck/checks/tech-files/gf180mcuC_mr.drc:463: warning: previous definition of OFFGRID was here
2022-12-04 21:34:00 +0000: Memory Usage (593096K) : Offgrid enabled  true
2022-12-04 21:34:00 +0000: Memory Usage (593096K) : Connectivity rules enabled, Netlist object will be generated.
2022-12-04 21:34:01 +0000: Memory Usage (593096K) : Total area of the design is 8997120.228799999 um^2.
2022-12-04 21:34:01 +0000: Memory Usage (593096K) : Total no. of polygons in the design is 175160
2022-12-04 21:34:01 +0000: Memory Usage (593096K) : Initialization and base layers definition.
2022-12-04 21:34:01 +0000: Memory Usage (593096K) : Starting GF180MCU DRC rules.
2022-12-04 21:34:01 +0000: Memory Usage (593096K) : Executing rule MC.1
2022-12-04 21:34:01 +0000: Memory Usage (593096K) : Executing rule MC.2
2022-12-04 21:34:01 +0000: Memory Usage (593096K) : Executing rule MC.3
2022-12-04 21:34:01 +0000: Memory Usage (593096K) : Executing rule MC.4
2022-12-04 21:34:01 +0000: Memory Usage (593096K) : Executing rule PRES.1
2022-12-04 21:34:01 +0000: Memory Usage (593096K) : Executing rule PRES.2
2022-12-04 21:34:01 +0000: Memory Usage (593096K) : Executing rule PRES.3
2022-12-04 21:34:01 +0000: Memory Usage (593096K) : Executing rule PRES.4
2022-12-04 21:34:01 +0000: Memory Usage (593096K) : Executing rule PRES.5
2022-12-04 21:34:01 +0000: Memory Usage (593096K) : Executing rule PRES.6
2022-12-04 21:34:01 +0000: Memory Usage (593096K) : Executing rule PRES.7
2022-12-04 21:34:02 +0000: Memory Usage (593096K) : Executing rule PRES.9a
2022-12-04 21:34:02 +0000: Memory Usage (593096K) : Executing rule PRES.9b
2022-12-04 21:34:02 +0000: Memory Usage (593096K) : Executing rule LRES.1
2022-12-04 21:34:02 +0000: Memory Usage (593096K) : Executing rule LRES.2
2022-12-04 21:34:02 +0000: Memory Usage (593096K) : Executing rule LRES.3
2022-12-04 21:34:02 +0000: Memory Usage (593096K) : Executing rule LRES.4
2022-12-04 21:34:03 +0000: Memory Usage (593096K) : Executing rule LRES.5
2022-12-04 21:34:03 +0000: Memory Usage (593096K) : Executing rule LRES.6
2022-12-04 21:34:03 +0000: Memory Usage (593096K) : Executing rule LRES.7
2022-12-04 21:34:03 +0000: Memory Usage (593096K) : Executing rule LRES.9a
2022-12-04 21:34:03 +0000: Memory Usage (593096K) : Executing rule LRES.9b
2022-12-04 21:34:04 +0000: Memory Usage (593096K) : Executing rule HRES.1
2022-12-04 21:34:04 +0000: Memory Usage (593096K) : Executing rule HRES.2
2022-12-04 21:34:04 +0000: Memory Usage (593096K) : Executing rule HRES.3
2022-12-04 21:34:04 +0000: Memory Usage (593096K) : Executing rule HRES.4
2022-12-04 21:34:04 +0000: Memory Usage (593096K) : Executing rule HRES.5
2022-12-04 21:34:04 +0000: Memory Usage (593096K) : Executing rule HRES.6
2022-12-04 21:34:04 +0000: Memory Usage (595064K) : Executing rule HRES.7
2022-12-04 21:34:04 +0000: Memory Usage (595064K) : Executing rule HRES.8
2022-12-04 21:34:05 +0000: Memory Usage (595064K) : Executing rule HRES.9
2022-12-04 21:34:05 +0000: Memory Usage (595064K) : Executing rule HRES.10
2022-12-04 21:34:05 +0000: Memory Usage (595780K) : Executing rule HRES.12a
2022-12-04 21:34:05 +0000: Memory Usage (595780K) : Executing rule HRES.12b
2022-12-04 21:34:05 +0000: Memory Usage (595780K) : MIM Capacitor Option B section
2022-12-04 21:34:05 +0000: Memory Usage (595780K) : Executing rule MIMTM.1
2022-12-04 21:34:05 +0000: Memory Usage (595780K) : Executing rule MIMTM.2
2022-12-04 21:34:05 +0000: Memory Usage (595780K) : Executing rule MIMTM.3
2022-12-04 21:34:05 +0000: Memory Usage (595780K) : Executing rule MIMTM.4
2022-12-04 21:34:06 +0000: Memory Usage (595780K) : Executing rule MIMTM.5
2022-12-04 21:34:06 +0000: Memory Usage (619960K) : Executing rule MIMTM.6
2022-12-04 21:34:06 +0000: Memory Usage (619960K) : Executing rule MIMTM.7
2022-12-04 21:34:06 +0000: Memory Usage (619960K) : Executing rule MIMTM.8a
2022-12-04 21:34:06 +0000: Memory Usage (619960K) : Executing rule MIMTM.8b
2022-12-04 21:34:06 +0000: Memory Usage (619960K) : Executing rule MIMTM.9
2022-12-04 21:34:06 +0000: Memory Usage (619960K) : Executing rule MIMTM.10
2022-12-04 21:34:06 +0000: Memory Usage (619960K) : Executing rule MIMTM.11
2022-12-04 21:34:06 +0000: Memory Usage (619960K) : Executing rule NAT.1
2022-12-04 21:34:06 +0000: Memory Usage (619960K) : Executing rule NAT.2
2022-12-04 21:34:07 +0000: Memory Usage (619960K) : Executing rule NAT.3
2022-12-04 21:34:07 +0000: Memory Usage (619960K) : Executing rule NAT.4
2022-12-04 21:34:07 +0000: Memory Usage (619960K) : Executing rule NAT.5
2022-12-04 21:34:07 +0000: Memory Usage (619960K) : CONNECTIVITY_RULES section
2022-12-04 21:34:08 +0000: Memory Usage (619960K) : Executing rule NAT.6
2022-12-04 21:34:08 +0000: Memory Usage (619960K) : Executing rule NAT.7
2022-12-04 21:34:08 +0000: Memory Usage (619960K) : Executing rule NAT.8
2022-12-04 21:34:08 +0000: Memory Usage (619960K) : Executing rule NAT.9
2022-12-04 21:34:08 +0000: Memory Usage (619960K) : Executing rule NAT.10
2022-12-04 21:34:08 +0000: Memory Usage (619960K) : Executing rule NAT.11
2022-12-04 21:34:08 +0000: Memory Usage (619960K) : Executing rule NAT.12
2022-12-04 21:34:08 +0000: Memory Usage (619960K) : Executing rule BJT.1
2022-12-04 21:34:08 +0000: Memory Usage (619960K) : Executing rule BJT.2
2022-12-04 21:34:08 +0000: Memory Usage (619960K) : Executing rule BJT.3
2022-12-04 21:34:09 +0000: Memory Usage (619960K) : Executing rule DE.2
2022-12-04 21:34:09 +0000: Memory Usage (619960K) : Executing rule DE.3
2022-12-04 21:34:09 +0000: Memory Usage (619960K) : Executing rule DE.4
2022-12-04 21:34:09 +0000: Memory Usage (619960K) : Executing rule LVS_BJT.1
2022-12-04 21:34:09 +0000: Memory Usage (619960K) : Executing rule O.DF.3a
2022-12-04 21:34:09 +0000: Memory Usage (619960K) : Executing rule O.DF.6
2022-12-04 21:34:09 +0000: Memory Usage (619960K) : Executing rule O.DF.9
2022-12-04 21:34:09 +0000: Memory Usage (619960K) : Executing rule O.PL.2
2022-12-04 21:34:09 +0000: Memory Usage (619960K) : Executing rule O.PL.3a
2022-12-04 21:34:10 +0000: Memory Usage (629264K) : Executing rule O.PL.4
2022-12-04 21:34:10 +0000: Memory Usage (629264K) : Executing rule O.SB.2
2022-12-04 21:34:10 +0000: Memory Usage (629264K) : Executing rule O.SB.3
2022-12-04 21:34:10 +0000: Memory Usage (629264K) : Executing rule O.SB.4
2022-12-04 21:34:10 +0000: Memory Usage (629264K) : Executing rule O.SB.5b_3.3V
2022-12-04 21:34:10 +0000: Memory Usage (629264K) : Executing rule O.SB.9
2022-12-04 21:34:10 +0000: Memory Usage (629264K) : Executing rule O.SB.11
2022-12-04 21:34:10 +0000: Memory Usage (629264K) : Executing rule O.SB.13_3.3V
2022-12-04 21:34:11 +0000: Memory Usage (629264K) : Executing rule O.SB.13_5V
2022-12-04 21:34:11 +0000: Memory Usage (629264K) : Executing rule O.CO.7
2022-12-04 21:34:12 +0000: Memory Usage (650584K) : Executing rule O.PL.ORT
2022-12-04 21:34:13 +0000: Memory Usage (650584K) : Executing rule EF.01
2022-12-04 21:34:13 +0000: Memory Usage (650584K) : Executing rule EF.02
2022-12-04 21:34:13 +0000: Memory Usage (650584K) : Executing rule EF.03
2022-12-04 21:34:13 +0000: Memory Usage (650584K) : Executing rule EF.04a
2022-12-04 21:34:13 +0000: Memory Usage (650584K) : Executing rule EF.04b
2022-12-04 21:34:13 +0000: Memory Usage (650584K) : Executing rule EF.04c
2022-12-04 21:34:13 +0000: Memory Usage (650584K) : Executing rule EF.04d
2022-12-04 21:34:13 +0000: Memory Usage (650584K) : Executing rule EF.05
2022-12-04 21:34:13 +0000: Memory Usage (650584K) : Executing rule EF.06
2022-12-04 21:34:14 +0000: Memory Usage (650584K) : Executing rule EF.07
2022-12-04 21:34:14 +0000: Memory Usage (650584K) : Executing rule EF.08
2022-12-04 21:34:14 +0000: Memory Usage (650584K) : Executing rule EF.09
2022-12-04 21:34:14 +0000: Memory Usage (650584K) : Executing rule EF.10
2022-12-04 21:34:14 +0000: Memory Usage (650584K) : Executing rule EF.11
2022-12-04 21:34:14 +0000: Memory Usage (650584K) : Executing rule EF.12
2022-12-04 21:34:14 +0000: Memory Usage (650584K) : Executing rule EF.13
2022-12-04 21:34:14 +0000: Memory Usage (650584K) : Executing rule EF.14
2022-12-04 21:34:14 +0000: Memory Usage (650584K) : Executing rule EF.15
2022-12-04 21:34:14 +0000: Memory Usage (650584K) : Executing rule EF.16a
2022-12-04 21:34:14 +0000: Memory Usage (650584K) : Executing rule EF.16b
2022-12-04 21:34:14 +0000: Memory Usage (650584K) : Executing rule EF.17
2022-12-04 21:34:14 +0000: Memory Usage (650584K) : Executing rule EF.18
2022-12-04 21:34:15 +0000: Memory Usage (669740K) : Executing rule EF.19
2022-12-04 21:34:16 +0000: Memory Usage (669740K) : Executing rule EF.20
2022-12-04 21:34:16 +0000: Memory Usage (669740K) : Executing rule EF.21
2022-12-04 21:34:16 +0000: Memory Usage (669740K) : Executing rule EF.22a
2022-12-04 21:34:16 +0000: Memory Usage (669740K) : Executing rule EF.22b
2022-12-04 21:34:16 +0000: Memory Usage (669740K) : Executing rule MDN.1
2022-12-04 21:34:16 +0000: Memory Usage (669740K) : CONNECTIVITY_RULES section
2022-12-04 21:34:16 +0000: Memory Usage (669740K) : Executing rule MDN.2a
2022-12-04 21:34:16 +0000: Memory Usage (669740K) : Executing rule MDN.2b
2022-12-04 21:34:17 +0000: Memory Usage (671644K) : Executing rule MDN.3a
2022-12-04 21:34:17 +0000: Memory Usage (671644K) : Executing rule MDN.3b
2022-12-04 21:34:17 +0000: Memory Usage (671644K) : Executing rule MDN.4a
2022-12-04 21:34:17 +0000: Memory Usage (671644K) : Executing rule MDN.4b
2022-12-04 21:34:17 +0000: Memory Usage (671644K) : Executing rule MDN.5ai
2022-12-04 21:34:17 +0000: Memory Usage (671644K) : Executing rule MDN.5aii
2022-12-04 21:34:17 +0000: Memory Usage (671644K) : Executing rule MDN.5b
2022-12-04 21:34:17 +0000: Memory Usage (671644K) : Executing rule MDN.5c
2022-12-04 21:34:17 +0000: Memory Usage (671644K) : Executing rule MDN.6
2022-12-04 21:34:18 +0000: Memory Usage (671644K) : Executing rule MDN.6a
2022-12-04 21:34:18 +0000: Memory Usage (671644K) : Executing rule MDN.7
2022-12-04 21:34:18 +0000: Memory Usage (671644K) : Executing rule MDN.7a
2022-12-04 21:34:18 +0000: Memory Usage (671644K) : CONNECTIVITY_RULES section
2022-12-04 21:34:18 +0000: Memory Usage (671644K) : Executing rule MDN.8a
2022-12-04 21:34:18 +0000: Memory Usage (671644K) : Executing rule MDN.8b
2022-12-04 21:34:18 +0000: Memory Usage (671644K) : Executing rule MDN.9
2022-12-04 21:34:19 +0000: Memory Usage (671644K) : Executing rule MDN.10a
2022-12-04 21:34:19 +0000: Memory Usage (671644K) : Executing rule MDN.10b
2022-12-04 21:34:19 +0000: Memory Usage (671996K) : Executing rule MDN.10c
2022-12-04 21:34:20 +0000: Memory Usage (677932K) : Executing rule MDN.10d
2022-12-04 21:34:20 +0000: Memory Usage (677932K) : Executing rule MDN.10ei
2022-12-04 21:34:20 +0000: Memory Usage (679560K) : Executing rule MDN.10eii
2022-12-04 21:34:20 +0000: Memory Usage (679804K) : Executing rule MDN.10f
2022-12-04 21:34:21 +0000: Memory Usage (691056K) : Executing rule MDN.11
2022-12-04 21:34:21 +0000: Memory Usage (692988K) : Executing rule MDN.12
2022-12-04 21:34:21 +0000: Memory Usage (692988K) : Executing rule MDN.13a
2022-12-04 21:34:22 +0000: Memory Usage (692988K) : Executing rule MDN.13b
2022-12-04 21:34:22 +0000: Memory Usage (692988K) : Executing rule MDN.13c
2022-12-04 21:34:22 +0000: Memory Usage (700952K) : Executing rule MDN.13d
2022-12-04 21:34:22 +0000: Memory Usage (700952K) : Executing rule MDN.14
2022-12-04 21:34:22 +0000: Memory Usage (700952K) : Executing rule MDN.15a
2022-12-04 21:34:23 +0000: Memory Usage (700952K) : Executing rule MDN.15b
2022-12-04 21:34:23 +0000: Memory Usage (700952K) : Executing rule MDN.17
2022-12-04 21:34:23 +0000: Memory Usage (700952K) : Executing rule MDP.1
2022-12-04 21:34:24 +0000: Memory Usage (712264K) : Executing rule MDP.1a
2022-12-04 21:34:51 +0000: Memory Usage (880272K) : Executing rule MDP.2
2022-12-04 21:34:52 +0000: Memory Usage (880272K) : Executing rule MDP.3
2022-12-04 21:34:52 +0000: Memory Usage (880272K) : Executing rule MDP.3ai
2022-12-04 21:34:52 +0000: Memory Usage (880272K) : Executing rule MDP.3aii
2022-12-04 21:34:52 +0000: Memory Usage (880272K) : Executing rule MDP.3b
2022-12-04 21:34:52 +0000: Memory Usage (880272K) : Executing rule MDP.3c
2022-12-04 21:34:52 +0000: Memory Usage (880272K) : Executing rule MDP.3d
2022-12-04 21:34:53 +0000: Memory Usage (880272K) : Executing rule MDP.4
2022-12-04 21:34:53 +0000: Memory Usage (880272K) : Executing rule MDP.4a
2022-12-04 21:34:53 +0000: Memory Usage (880272K) : Executing rule MDP.4b
2022-12-04 21:34:53 +0000: Memory Usage (880272K) : Executing rule MDP.5
2022-12-04 21:34:54 +0000: Memory Usage (880272K) : Executing rule MDP.5a
2022-12-04 21:34:54 +0000: Memory Usage (880272K) : Executing rule MDP.6
2022-12-04 21:34:54 +0000: Memory Usage (880272K) : Executing rule MDP.6a
2022-12-04 21:34:54 +0000: Memory Usage (880272K) : Executing rule MDP.7
2022-12-04 21:34:54 +0000: Memory Usage (880272K) : Executing rule MDP.8
2022-12-04 21:34:54 +0000: Memory Usage (880272K) : Executing rule MDP.9a
2022-12-04 21:34:54 +0000: Memory Usage (880272K) : Executing rule MDP.9b
2022-12-04 21:34:55 +0000: Memory Usage (880272K) : Executing rule MDP.9c
2022-12-04 21:34:55 +0000: Memory Usage (880272K) : Executing rule MDP.9d
2022-12-04 21:34:56 +0000: Memory Usage (882472K) : Executing rule MDP.9ei
2022-12-04 21:34:56 +0000: Memory Usage (887684K) : Executing rule MDP.9eii
2022-12-04 21:34:56 +0000: Memory Usage (887684K) : Executing rule MDP.9f
2022-12-04 21:34:57 +0000: Memory Usage (891028K) : Executing rule MDP.10
2022-12-04 21:34:57 +0000: Memory Usage (891028K) : CONNECTIVITY_RULES section
2022-12-04 21:34:57 +0000: Memory Usage (891028K) : Executing rule MDP.10a
2022-12-04 21:34:57 +0000: Memory Usage (891028K) : Executing rule MDP.10b
2022-12-04 21:34:57 +0000: Memory Usage (891028K) : Executing rule MDP.11
2022-12-04 21:34:57 +0000: Memory Usage (891028K) : Executing rule MDP.12
2022-12-04 21:34:58 +0000: Memory Usage (894832K) : Executing rule MDP.13a
2022-12-04 21:34:58 +0000: Memory Usage (896848K) : Executing rule MDP.13b
2022-12-04 21:34:58 +0000: Memory Usage (896848K) : Executing rule MDP.13c
2022-12-04 21:34:58 +0000: Memory Usage (903720K) : Executing rule MDP.15
2022-12-04 21:34:58 +0000: Memory Usage (903720K) : Executing rule MDP.16a
2022-12-04 21:34:58 +0000: Memory Usage (903720K) : Executing rule MDP.16b
2022-12-04 21:34:58 +0000: Memory Usage (903720K) : Executing rule MDP.17a
2022-12-04 21:34:59 +0000: Memory Usage (903720K) : Executing rule MDP.17c
2022-12-04 21:34:59 +0000: Memory Usage (903720K) : Executing rule Y.NW.2b_3.3V
2022-12-04 21:34:59 +0000: Memory Usage (903720K) : Executing rule Y.NW.2b_5V
2022-12-04 21:34:59 +0000: Memory Usage (903720K) : Executing rule Y.DF.6_5V
2022-12-04 21:34:59 +0000: Memory Usage (903720K) : Executing rule Y.DF.16_3.3V
2022-12-04 21:34:59 +0000: Memory Usage (903720K) : Executing rule Y.DF.16_5V
2022-12-04 21:34:59 +0000: Memory Usage (903720K) : Executing rule Y.PL.1_3.3V
2022-12-04 21:34:59 +0000: Memory Usage (903720K) : Executing rule Y.PL.1_5V
2022-12-04 21:34:59 +0000: Memory Usage (903720K) : Executing rule Y.PL.2_3.3V
2022-12-04 21:35:00 +0000: Memory Usage (905468K) : Executing rule Y.PL.2_5V
2022-12-04 21:35:00 +0000: Memory Usage (909056K) : Executing rule Y.PL.4_5V
2022-12-04 21:35:00 +0000: Memory Usage (909056K) : Executing rule Y.PL.5a_3.3V
2022-12-04 21:35:00 +0000: Memory Usage (909056K) : Executing rule Y.PL.5a_5V
2022-12-04 21:35:00 +0000: Memory Usage (909056K) : Executing rule Y.PL.5b_3.3V
2022-12-04 21:35:01 +0000: Memory Usage (909056K) : Executing rule Y.PL.5b_5V
2022-12-04 21:35:01 +0000: Memory Usage (909056K) : Executing rule S.DF.4c_MV
2022-12-04 21:35:01 +0000: Memory Usage (909056K) : Executing rule S.DF.6_MV
2022-12-04 21:35:01 +0000: Memory Usage (909056K) : Executing rule S.DF.7_MV
2022-12-04 21:35:01 +0000: Memory Usage (909056K) : Executing rule S.DF.8_MV
2022-12-04 21:35:01 +0000: Memory Usage (909056K) : Executing rule S.DF.16_MV
2022-12-04 21:35:02 +0000: Memory Usage (912640K) : Executing rule S.PL.5a_MV
2022-12-04 21:35:02 +0000: Memory Usage (912640K) : Executing rule S.PL.5b_MV
2022-12-04 21:35:02 +0000: Memory Usage (912640K) : Executing rule S.CO.4_MV
2022-12-04 21:35:02 +0000: Memory Usage (912640K) : Executing rule S.DF.4c_LV
2022-12-04 21:35:02 +0000: Memory Usage (912640K) : Executing rule S.DF.16_LV
2022-12-04 21:35:02 +0000: Memory Usage (915968K) : Executing rule S.CO.3_LV
2022-12-04 21:35:03 +0000: Memory Usage (915968K) : Executing rule S.CO.4_LV
2022-12-04 21:35:03 +0000: Memory Usage (915968K) : Executing rule S.CO.6_ii_LV
2022-12-04 21:35:03 +0000: Memory Usage (915968K) : Executing rule S.M1.1_LV
2022-12-04 21:35:03 +0000: Memory Usage (915968K) : OFFGRID-ANGLES section
2022-12-04 21:35:03 +0000: Memory Usage (915968K) : Executing rule comp_OFFGRID
2022-12-04 21:35:03 +0000: Memory Usage (915968K) : Executing rule dnwell_OFFGRID
2022-12-04 21:35:03 +0000: Memory Usage (915968K) : Executing rule nwell_OFFGRID
2022-12-04 21:35:03 +0000: Memory Usage (915968K) : Executing rule lvpwell_OFFGRID
2022-12-04 21:35:03 +0000: Memory Usage (915968K) : Executing rule dualgate_OFFGRID
2022-12-04 21:35:03 +0000: Memory Usage (915968K) : Executing rule poly2_OFFGRID
2022-12-04 21:35:04 +0000: Memory Usage (915968K) : Executing rule nplus_OFFGRID
2022-12-04 21:35:04 +0000: Memory Usage (915968K) : Executing rule pplus_OFFGRID
2022-12-04 21:35:04 +0000: Memory Usage (915968K) : Executing rule sab_OFFGRID
2022-12-04 21:35:04 +0000: Memory Usage (915968K) : Executing rule esd_OFFGRID
2022-12-04 21:35:04 +0000: Memory Usage (915968K) : Executing rule contact_OFFGRID
2022-12-04 21:35:04 +0000: Memory Usage (915968K) : Executing rule metal1_OFFGRID
2022-12-04 21:35:04 +0000: Memory Usage (915968K) : Executing rule via1_OFFGRID
2022-12-04 21:35:04 +0000: Memory Usage (915968K) : Executing rule metal2_OFFGRID
2022-12-04 21:35:04 +0000: Memory Usage (915968K) : Executing rule via2_OFFGRID
2022-12-04 21:35:04 +0000: Memory Usage (915968K) : Executing rule metal3_OFFGRID
2022-12-04 21:35:04 +0000: Memory Usage (915968K) : Executing rule via3_OFFGRID
2022-12-04 21:35:04 +0000: Memory Usage (915968K) : Executing rule metal4_OFFGRID
2022-12-04 21:35:04 +0000: Memory Usage (915968K) : Executing rule via4_OFFGRID
2022-12-04 21:35:04 +0000: Memory Usage (915968K) : Executing rule metal5_OFFGRID
2022-12-04 21:35:05 +0000: Memory Usage (915968K) : Executing rule via5_OFFGRID
2022-12-04 21:35:05 +0000: Memory Usage (915968K) : Executing rule metaltop_OFFGRID
2022-12-04 21:35:05 +0000: Memory Usage (915968K) : Executing rule pad_OFFGRID
2022-12-04 21:35:05 +0000: Memory Usage (915968K) : Executing rule resistor_OFFGRID
2022-12-04 21:35:05 +0000: Memory Usage (915968K) : Executing rule fhres_OFFGRID
2022-12-04 21:35:05 +0000: Memory Usage (915968K) : Executing rule fusetop_OFFGRID
2022-12-04 21:35:05 +0000: Memory Usage (915968K) : Executing rule fusewindow_d_OFFGRID
2022-12-04 21:35:05 +0000: Memory Usage (915968K) : Executing rule polyfuse_OFFGRID
2022-12-04 21:35:05 +0000: Memory Usage (915968K) : Executing rule mvsd_OFFGRID
2022-12-04 21:35:05 +0000: Memory Usage (915968K) : Executing rule mvpsd_OFFGRID
2022-12-04 21:35:05 +0000: Memory Usage (915968K) : Executing rule nat_OFFGRID
2022-12-04 21:35:05 +0000: Memory Usage (915968K) : Executing rule comp_dummy_OFFGRID
2022-12-04 21:35:05 +0000: Memory Usage (915968K) : Executing rule poly2_dummy_OFFGRID
2022-12-04 21:35:05 +0000: Memory Usage (915968K) : Executing rule metal1_dummy_OFFGRID
2022-12-04 21:35:06 +0000: Memory Usage (915968K) : Executing rule metal2_dummy_OFFGRID
2022-12-04 21:35:06 +0000: Memory Usage (915968K) : Executing rule metal3_dummy_OFFGRID
2022-12-04 21:35:06 +0000: Memory Usage (915968K) : Executing rule metal4_dummy_OFFGRID
2022-12-04 21:35:06 +0000: Memory Usage (915968K) : Executing rule metal5_dummy_OFFGRID
2022-12-04 21:35:06 +0000: Memory Usage (915968K) : Executing rule metaltop_dummy_OFFGRID
2022-12-04 21:35:06 +0000: Memory Usage (915968K) : Executing rule comp_label_OFFGRID
2022-12-04 21:35:06 +0000: Memory Usage (915968K) : Executing rule poly2_label_OFFGRID
2022-12-04 21:35:06 +0000: Memory Usage (915968K) : Executing rule metal1_label_OFFGRID
2022-12-04 21:35:06 +0000: Memory Usage (915968K) : Executing rule metal2_label_OFFGRID
2022-12-04 21:35:06 +0000: Memory Usage (915968K) : Executing rule metal3_label_OFFGRID
2022-12-04 21:35:06 +0000: Memory Usage (915968K) : Executing rule metal4_label_OFFGRID
2022-12-04 21:35:06 +0000: Memory Usage (915968K) : Executing rule metal5_label_OFFGRID
2022-12-04 21:35:06 +0000: Memory Usage (915968K) : Executing rule metaltop_label_OFFGRID
2022-12-04 21:35:06 +0000: Memory Usage (915968K) : Executing rule metal1_slot_OFFGRID
2022-12-04 21:35:07 +0000: Memory Usage (915968K) : Executing rule metal2_slot_OFFGRID
2022-12-04 21:35:07 +0000: Memory Usage (915968K) : Executing rule metal3_slot_OFFGRID
2022-12-04 21:35:07 +0000: Memory Usage (915968K) : Executing rule metal4_slot_OFFGRID
2022-12-04 21:35:07 +0000: Memory Usage (915968K) : Executing rule metal5_slot_OFFGRID
2022-12-04 21:35:07 +0000: Memory Usage (915968K) : Executing rule metaltop_slot_OFFGRID
2022-12-04 21:35:07 +0000: Memory Usage (915968K) : Executing rule ubmpperi_OFFGRID
2022-12-04 21:35:07 +0000: Memory Usage (915968K) : Executing rule ubmparray_OFFGRID
2022-12-04 21:35:07 +0000: Memory Usage (915968K) : Executing rule ubmeplate_OFFGRID
2022-12-04 21:35:07 +0000: Memory Usage (915968K) : Executing rule schottky_diode_OFFGRID
2022-12-04 21:35:07 +0000: Memory Usage (915968K) : Executing rule zener_OFFGRID
2022-12-04 21:35:07 +0000: Memory Usage (915968K) : Executing rule res_mk_OFFGRID
2022-12-04 21:35:07 +0000: Memory Usage (915968K) : Executing rule opc_drc_OFFGRID
2022-12-04 21:35:07 +0000: Memory Usage (915968K) : Executing rule ndmy_OFFGRID
2022-12-04 21:35:07 +0000: Memory Usage (915968K) : Executing rule pmndmy_OFFGRID
2022-12-04 21:35:07 +0000: Memory Usage (915968K) : Executing rule v5_xtor_OFFGRID
2022-12-04 21:35:08 +0000: Memory Usage (915968K) : Executing rule cap_mk_OFFGRID
2022-12-04 21:35:08 +0000: Memory Usage (915968K) : Executing rule mos_cap_mk_OFFGRID
2022-12-04 21:35:08 +0000: Memory Usage (915968K) : Executing rule ind_mk_OFFGRID
2022-12-04 21:35:08 +0000: Memory Usage (915968K) : Executing rule diode_mk_OFFGRID
2022-12-04 21:35:08 +0000: Memory Usage (915968K) : Executing rule drc_bjt_OFFGRID
2022-12-04 21:35:08 +0000: Memory Usage (915968K) : Executing rule lvs_bjt_OFFGRID
2022-12-04 21:35:08 +0000: Memory Usage (915968K) : Executing rule mim_l_mk_OFFGRID
2022-12-04 21:35:08 +0000: Memory Usage (915968K) : Executing rule latchup_mk_OFFGRID
2022-12-04 21:35:08 +0000: Memory Usage (915968K) : Executing rule guard_ring_mk_OFFGRID
2022-12-04 21:35:08 +0000: Memory Usage (915968K) : Executing rule otp_mk_OFFGRID
2022-12-04 21:35:08 +0000: Memory Usage (915968K) : Executing rule mtpmark_OFFGRID
2022-12-04 21:35:08 +0000: Memory Usage (915968K) : Executing rule neo_ee_mk_OFFGRID
2022-12-04 21:35:08 +0000: Memory Usage (915968K) : Executing rule sramcore_OFFGRID
2022-12-04 21:35:08 +0000: Memory Usage (915968K) : Executing rule lvs_rf_OFFGRID
2022-12-04 21:35:08 +0000: Memory Usage (915968K) : Executing rule lvs_drain_OFFGRID
2022-12-04 21:35:08 +0000: Memory Usage (915968K) : Executing rule hvpolyrs_OFFGRID
2022-12-04 21:35:09 +0000: Memory Usage (915968K) : Executing rule lvs_io_OFFGRID
2022-12-04 21:35:09 +0000: Memory Usage (915968K) : Executing rule probe_mk_OFFGRID
2022-12-04 21:35:09 +0000: Memory Usage (915968K) : Executing rule esd_mk_OFFGRID
2022-12-04 21:35:09 +0000: Memory Usage (915968K) : Executing rule lvs_source_OFFGRID
2022-12-04 21:35:09 +0000: Memory Usage (915968K) : Executing rule well_diode_mk_OFFGRID
2022-12-04 21:35:09 +0000: Memory Usage (915968K) : Executing rule ldmos_xtor_OFFGRID
2022-12-04 21:35:09 +0000: Memory Usage (915968K) : Executing rule plfuse_OFFGRID
2022-12-04 21:35:09 +0000: Memory Usage (915968K) : Executing rule efuse_mk_OFFGRID
2022-12-04 21:35:09 +0000: Memory Usage (915968K) : Executing rule mcell_feol_mk_OFFGRID
2022-12-04 21:35:09 +0000: Memory Usage (915968K) : Executing rule ymtp_mk_OFFGRID
2022-12-04 21:35:09 +0000: Memory Usage (915968K) : Executing rule dev_wf_mk_OFFGRID
2022-12-04 21:35:09 +0000: Memory Usage (915968K) : Executing rule metal1_blk_OFFGRID
2022-12-04 21:35:09 +0000: Memory Usage (915968K) : Executing rule metal2_blk_OFFGRID
2022-12-04 21:35:09 +0000: Memory Usage (915968K) : Executing rule metal3_blk_OFFGRID
2022-12-04 21:35:09 +0000: Memory Usage (915968K) : Executing rule metal4_blk_OFFGRID
2022-12-04 21:35:09 +0000: Memory Usage (915968K) : Executing rule metal5_blk_OFFGRID
2022-12-04 21:35:10 +0000: Memory Usage (915968K) : Executing rule metalt_blk_OFFGRID
2022-12-04 21:35:10 +0000: Memory Usage (915968K) : Executing rule pr_bndry_OFFGRID
2022-12-04 21:35:10 +0000: Memory Usage (915968K) : Executing rule mdiode_OFFGRID
2022-12-04 21:35:10 +0000: Memory Usage (915968K) : Executing rule metal1_res_OFFGRID
2022-12-04 21:35:10 +0000: Memory Usage (915968K) : Executing rule metal2_res_OFFGRID
2022-12-04 21:35:10 +0000: Memory Usage (915968K) : Executing rule metal3_res_OFFGRID
2022-12-04 21:35:10 +0000: Memory Usage (915968K) : Executing rule metal4_res_OFFGRID
2022-12-04 21:35:10 +0000: Memory Usage (915968K) : Executing rule metal5_res_OFFGRID
2022-12-04 21:35:10 +0000: Memory Usage (915968K) : Executing rule metal6_res_OFFGRID
2022-12-04 21:35:10 +0000: Memory Usage (915968K) : Executing rule border_OFFGRID
VmPeak:	 1036232 kB
VmHWM:	  716904 kB
2022-12-04 21:35:10 +0000: Memory Usage (915968K) : DRC Total Run time 75.081358 seconds
