2022-12-04 02:18:49 +0000: Memory Usage (540948K) : Starting running GF180MCU Klayout DRC runset on /root/gf180-demo/caravel_user_project/gds/user_project_wrapper.gds
2022-12-04 02:18:49 +0000: Memory Usage (540948K) : Ruby Version for klayout: 2.0.0
2022-12-04 02:18:49 +0000: Memory Usage (544744K) : Loading database to memory is complete.
2022-12-04 02:18:49 +0000: Memory Usage (544744K) : GF180MCU Klayout DRC runset output at: /root/gf180-demo/caravel_user_project/precheck_results/04_DEC_2022___02_17_38/outputs/reports/klayout_feol_check.xml
2022-12-04 02:18:50 +0000: Memory Usage (544744K) : Number of threads to use 4
2022-12-04 02:18:50 +0000: Memory Usage (544744K) : flat  mode is enabled.
2022-12-04 02:18:50 +0000: Memory Usage (544744K) : Read in polygons from layers.
2022-12-04 02:18:55 +0000: Memory Usage (575348K) : Starting deriving base layers.
2022-12-04 02:18:56 +0000: Memory Usage (593096K) : Evaluate switches.
2022-12-04 02:18:56 +0000: Memory Usage (593096K) : FEOL is enabled.
2022-12-04 02:18:56 +0000: Memory Usage (593096K) : BEOL is disabled.
2022-12-04 02:18:56 +0000: Memory Usage (593096K) : connectivity rules are enabled.
2022-12-04 02:18:56 +0000: Memory Usage (593096K) : METAL_TOP Selected is 9K
2022-12-04 02:18:56 +0000: Memory Usage (593096K) : METAL_STACK Selected is 5LM
2022-12-04 02:18:56 +0000: Memory Usage (593096K) : Wedge enabled  true
2022-12-04 02:18:57 +0000: Memory Usage (593096K) : Ball enabled  true
2022-12-04 02:18:57 +0000: Memory Usage (593096K) : Gold enabled  true
2022-12-04 02:18:57 +0000: Memory Usage (593096K) : MIM Option selected B
/root/mpw_precheck/checks/tech-files/gf180mcuC_mr.drc:543: warning: already initialized constant DRC::DRCEngine::OFFGRID
/root/mpw_precheck/checks/tech-files/gf180mcuC_mr.drc:463: warning: previous definition of OFFGRID was here
2022-12-04 02:18:57 +0000: Memory Usage (593096K) : Offgrid enabled  true
2022-12-04 02:18:57 +0000: Memory Usage (593096K) : Construct connectivity for the design.
2022-12-04 02:18:57 +0000: Memory Usage (593096K) : Connectivity rules enabled, Netlist object will be generated.
2022-12-04 02:18:59 +0000: Memory Usage (625752K) : Total area of the design is 8997120.228799999 um^2.
2022-12-04 02:18:59 +0000: Memory Usage (625752K) : Total no. of polygons in the design is 175160
2022-12-04 02:18:59 +0000: Memory Usage (625752K) : Initialization and base layers definition.
2022-12-04 02:18:59 +0000: Memory Usage (625752K) : Starting GF180MCU DRC rules.
2022-12-04 02:18:59 +0000: Memory Usage (625752K) : FEOL section
2022-12-04 02:18:59 +0000: Memory Usage (625752K) : Executing rule DN.1
2022-12-04 02:18:59 +0000: Memory Usage (625752K) : CONNECTIVITY_RULES section
2022-12-04 02:18:59 +0000: Memory Usage (625752K) : Executing rule DN.2a
2022-12-04 02:18:59 +0000: Memory Usage (625752K) : Executing rule DN.2b
2022-12-04 02:18:59 +0000: Memory Usage (625752K) : Executing rule DN.3
2022-12-04 02:18:59 +0000: Memory Usage (625752K) : Executing rule LPW.1_3.3V
2022-12-04 02:19:00 +0000: Memory Usage (625752K) : Executing rule LPW.1_5V
2022-12-04 02:19:00 +0000: Memory Usage (625752K) : CONNECTIVITY_RULES section
2022-12-04 02:19:00 +0000: Memory Usage (625752K) : Executing rule LPW.2a_3.3V
2022-12-04 02:19:00 +0000: Memory Usage (625752K) : Executing rule LPW.2a_5V
2022-12-04 02:19:00 +0000: Memory Usage (625752K) : Executing rule LPW.2b_3.3V
2022-12-04 02:19:00 +0000: Memory Usage (625752K) : Executing rule LPW.2b_5V
2022-12-04 02:19:00 +0000: Memory Usage (625752K) : Executing rule LPW.3_3.3V
2022-12-04 02:19:00 +0000: Memory Usage (625752K) : Executing rule LPW.3_5V
2022-12-04 02:19:01 +0000: Memory Usage (625752K) : Executing rule LPW.5_3.3V
2022-12-04 02:19:01 +0000: Memory Usage (625752K) : Executing rule LPW.5_5V
2022-12-04 02:19:01 +0000: Memory Usage (625752K) : Executing rule LPW.11
2022-12-04 02:19:01 +0000: Memory Usage (625752K) : Executing rule LPW.12
2022-12-04 02:19:01 +0000: Memory Usage (625752K) : Executing rule NW.1a_3.3V
2022-12-04 02:19:01 +0000: Memory Usage (625752K) : Executing rule NW.1a_5V
2022-12-04 02:19:01 +0000: Memory Usage (625752K) : Executing rule NW.1b_3.3V
2022-12-04 02:19:01 +0000: Memory Usage (625752K) : Executing rule NW.1b_5V
2022-12-04 02:19:01 +0000: Memory Usage (625752K) : CONNECTIVITY_RULES section
2022-12-04 02:19:02 +0000: Memory Usage (625752K) : Executing rule NW.2a_3.3V
2022-12-04 02:19:02 +0000: Memory Usage (625752K) : Executing rule NW.2a_5V
2022-12-04 02:19:02 +0000: Memory Usage (625752K) : Executing rule NW.2b_3.3V
2022-12-04 02:19:02 +0000: Memory Usage (625752K) : Executing rule NW.2b_5V
2022-12-04 02:19:02 +0000: Memory Usage (625752K) : Executing rule NW.3_3.3V
2022-12-04 02:19:02 +0000: Memory Usage (625752K) : Executing rule NW.3_5V
2022-12-04 02:19:02 +0000: Memory Usage (625752K) : Executing rule NW.4_3.3V
2022-12-04 02:19:02 +0000: Memory Usage (625752K) : Executing rule NW.4_5V
2022-12-04 02:19:03 +0000: Memory Usage (625752K) : Executing rule NW.5_3.3V
2022-12-04 02:19:03 +0000: Memory Usage (625752K) : Executing rule NW.5_5V
2022-12-04 02:19:03 +0000: Memory Usage (625752K) : Executing rule NW.6
2022-12-04 02:19:03 +0000: Memory Usage (625752K) : Executing rule DF.1a_3.3V
2022-12-04 02:19:03 +0000: Memory Usage (625752K) : Executing rule DF.1a_5V
2022-12-04 02:19:03 +0000: Memory Usage (625752K) : Executing rule DF.1c_3.3V
2022-12-04 02:19:03 +0000: Memory Usage (625752K) : Executing rule DF.1c_5V
2022-12-04 02:19:05 +0000: Memory Usage (634128K) : Executing rule DF.2a_3.3V
2022-12-04 02:19:05 +0000: Memory Usage (634128K) : Executing rule DF.2a_5V
2022-12-04 02:19:06 +0000: Memory Usage (634128K) : Executing rule DF.2b_3.3V
2022-12-04 02:19:06 +0000: Memory Usage (638040K) : Executing rule DF.2b_5V
2022-12-04 02:19:07 +0000: Memory Usage (638040K) : Executing rule DF.3a_3.3V
2022-12-04 02:19:07 +0000: Memory Usage (638040K) : Executing rule DF.3a_5V
2022-12-04 02:19:08 +0000: Memory Usage (638040K) : Executing rule DF.3b_3.3V
2022-12-04 02:19:08 +0000: Memory Usage (638040K) : Executing rule DF.3b_5V
2022-12-04 02:19:08 +0000: Memory Usage (638040K) : Executing rule DF.3c_3.3V
2022-12-04 02:19:08 +0000: Memory Usage (638040K) : Executing rule DF.3c_5V
2022-12-04 02:19:08 +0000: Memory Usage (638040K) : Executing rule DF.4a_3.3V
2022-12-04 02:19:08 +0000: Memory Usage (638040K) : Executing rule DF.4a_5V
2022-12-04 02:19:09 +0000: Memory Usage (638040K) : Executing rule DF.4b_3.3V
2022-12-04 02:19:09 +0000: Memory Usage (638040K) : Executing rule DF.4b_5V
2022-12-04 02:19:09 +0000: Memory Usage (638040K) : Executing rule DF.4c_3.3V
2022-12-04 02:19:10 +0000: Memory Usage (638040K) : Executing rule DF.4c_5V
2022-12-04 02:19:10 +0000: Memory Usage (638040K) : Executing rule DF.4d_3.3V
2022-12-04 02:19:11 +0000: Memory Usage (638040K) : Executing rule DF.4d_5V
2022-12-04 02:19:11 +0000: Memory Usage (638040K) : Executing rule DF.4e_3.3V
2022-12-04 02:19:11 +0000: Memory Usage (638040K) : Executing rule DF.4e_5V
2022-12-04 02:19:11 +0000: Memory Usage (638040K) : Executing rule DF.5_3.3V
2022-12-04 02:19:12 +0000: Memory Usage (638040K) : Executing rule DF.5_5V
2022-12-04 02:19:12 +0000: Memory Usage (638040K) : Executing rule DF.6_3.3V
2022-12-04 02:19:12 +0000: Memory Usage (638040K) : Executing rule DF.6_5V
2022-12-04 02:19:13 +0000: Memory Usage (639784K) : Executing rule DF.7_3.3V
2022-12-04 02:19:13 +0000: Memory Usage (639784K) : Executing rule DF.7_5V
2022-12-04 02:19:13 +0000: Memory Usage (639784K) : Executing rule DF.8_3.3V
2022-12-04 02:19:13 +0000: Memory Usage (639784K) : Executing rule DF.8_5V
2022-12-04 02:19:13 +0000: Memory Usage (639784K) : Executing rule DF.9_3.3V
2022-12-04 02:19:13 +0000: Memory Usage (639784K) : Executing rule DF.9_5V
2022-12-04 02:19:13 +0000: Memory Usage (639784K) : Executing rule DF.10_3.3V
2022-12-04 02:19:14 +0000: Memory Usage (639784K) : Executing rule DF.10_5V
2022-12-04 02:19:14 +0000: Memory Usage (639784K) : Executing rule DF.11_3.3V
2022-12-04 02:19:14 +0000: Memory Usage (639784K) : Executing rule DF.11_5V
2022-12-04 02:19:14 +0000: Memory Usage (639784K) : Executing rule DF.12_3.3V
2022-12-04 02:19:14 +0000: Memory Usage (651164K) : Executing rule DF.12_5V
2022-12-04 02:19:15 +0000: Memory Usage (652904K) : Executing rule DF.13_3.3V
2022-12-04 02:19:16 +0000: Memory Usage (645924K) : Executing rule DF.13_5V
2022-12-04 02:19:17 +0000: Memory Usage (645244K) : Executing rule DF.14_3.3V
2022-12-04 02:19:18 +0000: Memory Usage (647312K) : Executing rule DF.14_5V
2022-12-04 02:19:20 +0000: Memory Usage (651312K) : Executing rule DF.16_3.3V
2022-12-04 02:19:20 +0000: Memory Usage (651312K) : Executing rule DF.16_5V
2022-12-04 02:19:20 +0000: Memory Usage (654056K) : Executing rule DF.17_3.3V
2022-12-04 02:19:20 +0000: Memory Usage (654056K) : Executing rule DF.17_5V
2022-12-04 02:19:20 +0000: Memory Usage (654056K) : Executing rule DF.18_3.3V
2022-12-04 02:19:20 +0000: Memory Usage (654056K) : Executing rule DF.18_5V
2022-12-04 02:19:20 +0000: Memory Usage (654056K) : Executing rule DF.19_3.3V
2022-12-04 02:19:20 +0000: Memory Usage (654056K) : Executing rule DF.19_5V
2022-12-04 02:19:21 +0000: Memory Usage (654056K) : Executing rule DV.1
2022-12-04 02:19:21 +0000: Memory Usage (654056K) : Executing rule DV.2
2022-12-04 02:19:21 +0000: Memory Usage (654056K) : Executing rule DV.3
2022-12-04 02:19:21 +0000: Memory Usage (660456K) : Executing rule DV.5
2022-12-04 02:19:21 +0000: Memory Usage (660456K) : Executing rule DV.6
2022-12-04 02:19:22 +0000: Memory Usage (662048K) : Executing rule DV.7
2022-12-04 02:19:22 +0000: Memory Usage (665204K) : Executing rule DV.8
2022-12-04 02:19:22 +0000: Memory Usage (665204K) : Executing rule DV.9
2022-12-04 02:19:23 +0000: Memory Usage (665204K) : Executing rule PL.1_3.3V
2022-12-04 02:19:23 +0000: Memory Usage (665204K) : Executing rule PL.1_5V
2022-12-04 02:19:23 +0000: Memory Usage (665204K) : Executing rule PL.1a_3.3V
2022-12-04 02:19:23 +0000: Memory Usage (665204K) : Executing rule PL.1a_5V
2022-12-04 02:19:23 +0000: Memory Usage (665204K) : Executing rule PL.2_3.3V
2022-12-04 02:19:27 +0000: Memory Usage (707964K) : Executing rule PL.2_5V
2022-12-04 02:19:27 +0000: Memory Usage (707964K) : Executing rule PL.3a_3.3V
2022-12-04 02:19:27 +0000: Memory Usage (716432K) : Executing rule PL.3a_5V
2022-12-04 02:19:28 +0000: Memory Usage (721580K) : Executing rule PL.4_3.3V
2022-12-04 02:19:28 +0000: Memory Usage (725164K) : Executing rule PL.4_5V
2022-12-04 02:19:28 +0000: Memory Usage (726900K) : Executing rule PL.5a_3.3V
2022-12-04 02:19:29 +0000: Memory Usage (726900K) : Executing rule PL.5a_5V
2022-12-04 02:19:29 +0000: Memory Usage (728504K) : Executing rule PL.5b_3.3V
2022-12-04 02:19:29 +0000: Memory Usage (728504K) : Executing rule PL.5b_5V
2022-12-04 02:19:30 +0000: Memory Usage (755740K) : Executing rule PL.6
2022-12-04 02:19:31 +0000: Memory Usage (780452K) : Executing rule PL.7_3.3V
2022-12-04 02:19:31 +0000: Memory Usage (780452K) : Executing rule PL.7_5V
2022-12-04 02:19:31 +0000: Memory Usage (780452K) : Executing rule PL.9
2022-12-04 02:19:32 +0000: Memory Usage (782488K) : Executing rule PL.11
2022-12-04 02:19:32 +0000: Memory Usage (782488K) : Executing rule PL.12
2022-12-04 02:19:32 +0000: Memory Usage (792668K) : Executing rule NP.1
2022-12-04 02:19:32 +0000: Memory Usage (792668K) : Executing rule NP.2
2022-12-04 02:19:32 +0000: Memory Usage (792668K) : Executing rule NP.3a
2022-12-04 02:19:33 +0000: Memory Usage (792668K) : Executing rule NP.3bi
2022-12-04 02:19:33 +0000: Memory Usage (792668K) : Executing rule NP.3bii
2022-12-04 02:19:33 +0000: Memory Usage (792668K) : Executing rule NP.3ci
2022-12-04 02:19:33 +0000: Memory Usage (792668K) : Executing rule NP.3cii
2022-12-04 02:19:33 +0000: Memory Usage (792668K) : Executing rule NP.3d
2022-12-04 02:19:33 +0000: Memory Usage (792944K) : Executing rule NP.3e
2022-12-04 02:19:34 +0000: Memory Usage (792944K) : Executing rule NP.4a
2022-12-04 02:19:34 +0000: Memory Usage (804652K) : Executing rule NP.4b
2022-12-04 02:19:35 +0000: Memory Usage (804652K) : Executing rule NP.5a
2022-12-04 02:19:35 +0000: Memory Usage (804652K) : Executing rule NP.5b
2022-12-04 02:19:35 +0000: Memory Usage (805888K) : Executing rule NP.5ci
2022-12-04 02:19:36 +0000: Memory Usage (805888K) : Executing rule NP.5cii
2022-12-04 02:19:36 +0000: Memory Usage (805888K) : Executing rule NP.5di
2022-12-04 02:19:36 +0000: Memory Usage (805888K) : Executing rule NP.5dii
2022-12-04 02:19:36 +0000: Memory Usage (805888K) : Executing rule NP.6
2022-12-04 02:19:37 +0000: Memory Usage (812412K) : Executing rule NP.7
2022-12-04 02:19:37 +0000: Memory Usage (812412K) : Executing rule NP.8a
2022-12-04 02:19:37 +0000: Memory Usage (812412K) : Executing rule NP.8b
2022-12-04 02:19:37 +0000: Memory Usage (812412K) : Executing rule NP.9
2022-12-04 02:19:37 +0000: Memory Usage (812412K) : Executing rule NP.10
2022-12-04 02:19:37 +0000: Memory Usage (812412K) : Executing rule NP.11
2022-12-04 02:19:37 +0000: Memory Usage (812412K) : Executing rule NP.12
2022-12-04 02:19:38 +0000: Memory Usage (812412K) : Executing rule PP.1
2022-12-04 02:19:38 +0000: Memory Usage (812412K) : Executing rule PP.2
2022-12-04 02:19:38 +0000: Memory Usage (812412K) : Executing rule PP.3a
2022-12-04 02:19:38 +0000: Memory Usage (812412K) : Executing rule PP.3bi
2022-12-04 02:19:38 +0000: Memory Usage (812412K) : Executing rule PP.3bii
2022-12-04 02:19:38 +0000: Memory Usage (813792K) : Executing rule PP.3ci
2022-12-04 02:19:39 +0000: Memory Usage (814332K) : Executing rule PP.3cii
2022-12-04 02:19:39 +0000: Memory Usage (814332K) : Executing rule PP.3d
2022-12-04 02:19:39 +0000: Memory Usage (814332K) : Executing rule PP.3e
2022-12-04 02:19:39 +0000: Memory Usage (814332K) : Executing rule PP.4a
2022-12-04 02:19:40 +0000: Memory Usage (829412K) : Executing rule PP.4b
2022-12-04 02:19:40 +0000: Memory Usage (829412K) : Executing rule PP.5a
2022-12-04 02:19:40 +0000: Memory Usage (829412K) : Executing rule PP.5b
2022-12-04 02:19:40 +0000: Memory Usage (829412K) : Executing rule PP.5ci
2022-12-04 02:19:41 +0000: Memory Usage (829412K) : Executing rule PP.5cii
2022-12-04 02:19:41 +0000: Memory Usage (830856K) : Executing rule PP.5di
2022-12-04 02:19:41 +0000: Memory Usage (833008K) : Executing rule PP.5dii
2022-12-04 02:19:42 +0000: Memory Usage (833008K) : Executing rule PP.6
2022-12-04 02:19:42 +0000: Memory Usage (834776K) : Executing rule PP.7
2022-12-04 02:19:42 +0000: Memory Usage (834776K) : Executing rule PP.8a
2022-12-04 02:19:42 +0000: Memory Usage (834776K) : Executing rule PP.8b
2022-12-04 02:19:42 +0000: Memory Usage (834776K) : Executing rule PP.9
2022-12-04 02:19:42 +0000: Memory Usage (834776K) : Executing rule PP.10
2022-12-04 02:19:43 +0000: Memory Usage (834776K) : Executing rule PP.11
2022-12-04 02:19:43 +0000: Memory Usage (834776K) : Executing rule PP.12
2022-12-04 02:19:43 +0000: Memory Usage (837272K) : Executing rule SB.1
2022-12-04 02:19:43 +0000: Memory Usage (837272K) : Executing rule SB.2
2022-12-04 02:19:43 +0000: Memory Usage (837272K) : Executing rule SB.3
2022-12-04 02:19:43 +0000: Memory Usage (837272K) : Executing rule SB.4
2022-12-04 02:19:43 +0000: Memory Usage (837272K) : Executing rule SB.5a
2022-12-04 02:19:44 +0000: Memory Usage (857556K) : Executing rule SB.5b
2022-12-04 02:19:44 +0000: Memory Usage (857556K) : Executing rule SB.6
2022-12-04 02:19:44 +0000: Memory Usage (857556K) : Executing rule SB.7
2022-12-04 02:19:44 +0000: Memory Usage (857556K) : Executing rule SB.8
2022-12-04 02:19:44 +0000: Memory Usage (857556K) : Executing rule SB.9
2022-12-04 02:19:44 +0000: Memory Usage (857556K) : Executing rule SB.10
2022-12-04 02:19:44 +0000: Memory Usage (857556K) : Executing rule SB.11
2022-12-04 02:19:44 +0000: Memory Usage (857556K) : Executing rule SB.12
2022-12-04 02:19:45 +0000: Memory Usage (857556K) : Executing rule SB.13
2022-12-04 02:19:45 +0000: Memory Usage (857556K) : Executing rule SB.14a
2022-12-04 02:19:45 +0000: Memory Usage (857556K) : Executing rule SB.14b
2022-12-04 02:19:45 +0000: Memory Usage (857556K) : Executing rule SB.15a
2022-12-04 02:19:46 +0000: Memory Usage (861276K) : Executing rule SB.15b
2022-12-04 02:19:46 +0000: Memory Usage (861276K) : Executing rule SB.16
2022-12-04 02:19:46 +0000: Memory Usage (861832K) : Executing rule ESD.1
2022-12-04 02:19:46 +0000: Memory Usage (861832K) : Executing rule ESD.2
2022-12-04 02:19:46 +0000: Memory Usage (861832K) : Executing rule ESD.3a
2022-12-04 02:19:46 +0000: Memory Usage (861832K) : Executing rule ESD.3b
2022-12-04 02:19:46 +0000: Memory Usage (861832K) : Executing rule ESD.4a
2022-12-04 02:19:46 +0000: Memory Usage (861832K) : Executing rule ESD.4b
2022-12-04 02:19:47 +0000: Memory Usage (861832K) : Executing rule ESD.5a
2022-12-04 02:19:47 +0000: Memory Usage (861832K) : Executing rule ESD.5b
2022-12-04 02:19:47 +0000: Memory Usage (861832K) : Executing rule ESD.6
2022-12-04 02:19:47 +0000: Memory Usage (870524K) : Executing rule ESD.7
2022-12-04 02:19:47 +0000: Memory Usage (870524K) : Executing rule ESD.8
2022-12-04 02:19:47 +0000: Memory Usage (870524K) : Executing rule ESD.pl
2022-12-04 02:19:47 +0000: Memory Usage (870524K) : Executing rule ESD.9
2022-12-04 02:19:47 +0000: Memory Usage (870524K) : Executing rule ESD.10
2022-12-04 02:19:47 +0000: Memory Usage (870524K) : Executing rule CO.1
2022-12-04 02:19:48 +0000: Memory Usage (889888K) : Executing rule CO.2a
2022-12-04 02:19:50 +0000: Memory Usage (914408K) : Executing rule CO.2b
2022-12-04 02:19:50 +0000: Memory Usage (914408K) : Executing rule CO.3
2022-12-04 02:19:51 +0000: Memory Usage (941648K) : Executing rule CO.4
2022-12-04 02:19:52 +0000: Memory Usage (987328K) : Executing rule CO.5a
2022-12-04 02:19:53 +0000: Memory Usage (987328K) : Executing rule CO.5b
2022-12-04 02:19:53 +0000: Memory Usage (987328K) : Executing rule CO.6
2022-12-04 02:19:58 +0000: Memory Usage (985076K) : Executing rule CO.6a
2022-12-04 02:20:09 +0000: Memory Usage (1090868K) : Executing rule CO.6b
2022-12-04 02:20:09 +0000: Memory Usage (1097560K) : Executing rule CO.7
2022-12-04 02:20:10 +0000: Memory Usage (1122136K) : Executing rule CO.8
2022-12-04 02:20:10 +0000: Memory Usage (1122136K) : Executing rule CO.9
2022-12-04 02:20:11 +0000: Memory Usage (1122136K) : Executing rule CO.10
2022-12-04 02:20:11 +0000: Memory Usage (1122136K) : Executing rule CO.11
2022-12-04 02:20:12 +0000: Memory Usage (1122504K) : Executing rule MC.1
2022-12-04 02:20:12 +0000: Memory Usage (1122504K) : Executing rule MC.2
2022-12-04 02:20:12 +0000: Memory Usage (1122504K) : Executing rule MC.3
2022-12-04 02:20:12 +0000: Memory Usage (1122504K) : Executing rule MC.4
2022-12-04 02:20:12 +0000: Memory Usage (1122504K) : Executing rule PRES.1
2022-12-04 02:20:12 +0000: Memory Usage (1122504K) : Executing rule PRES.2
2022-12-04 02:20:12 +0000: Memory Usage (1122504K) : Executing rule PRES.3
2022-12-04 02:20:12 +0000: Memory Usage (1122504K) : Executing rule PRES.4
2022-12-04 02:20:13 +0000: Memory Usage (1122504K) : Executing rule PRES.5
2022-12-04 02:20:13 +0000: Memory Usage (1122504K) : Executing rule PRES.6
2022-12-04 02:20:13 +0000: Memory Usage (1122504K) : Executing rule PRES.7
2022-12-04 02:20:13 +0000: Memory Usage (1122504K) : Executing rule PRES.9a
2022-12-04 02:20:13 +0000: Memory Usage (1122504K) : Executing rule PRES.9b
2022-12-04 02:20:13 +0000: Memory Usage (1122504K) : Executing rule LRES.1
2022-12-04 02:20:14 +0000: Memory Usage (1122504K) : Executing rule LRES.2
2022-12-04 02:20:14 +0000: Memory Usage (1122504K) : Executing rule LRES.3
2022-12-04 02:20:14 +0000: Memory Usage (1122504K) : Executing rule LRES.4
2022-12-04 02:20:14 +0000: Memory Usage (1122504K) : Executing rule LRES.5
2022-12-04 02:20:14 +0000: Memory Usage (1122504K) : Executing rule LRES.6
2022-12-04 02:20:14 +0000: Memory Usage (1122504K) : Executing rule LRES.7
2022-12-04 02:20:15 +0000: Memory Usage (1122504K) : Executing rule LRES.9a
2022-12-04 02:20:15 +0000: Memory Usage (1122504K) : Executing rule LRES.9b
2022-12-04 02:20:15 +0000: Memory Usage (1122504K) : Executing rule HRES.1
2022-12-04 02:20:15 +0000: Memory Usage (1122504K) : Executing rule HRES.2
2022-12-04 02:20:15 +0000: Memory Usage (1122504K) : Executing rule HRES.3
2022-12-04 02:20:16 +0000: Memory Usage (1122504K) : Executing rule HRES.4
2022-12-04 02:20:16 +0000: Memory Usage (1122504K) : Executing rule HRES.5
2022-12-04 02:20:16 +0000: Memory Usage (1122504K) : Executing rule HRES.6
2022-12-04 02:20:16 +0000: Memory Usage (1122504K) : Executing rule HRES.7
2022-12-04 02:20:16 +0000: Memory Usage (1122504K) : Executing rule HRES.8
2022-12-04 02:20:17 +0000: Memory Usage (1122504K) : Executing rule HRES.9
2022-12-04 02:20:17 +0000: Memory Usage (1122504K) : Executing rule HRES.10
2022-12-04 02:20:17 +0000: Memory Usage (1122504K) : Executing rule HRES.12a
2022-12-04 02:20:17 +0000: Memory Usage (1122504K) : Executing rule HRES.12b
2022-12-04 02:20:17 +0000: Memory Usage (1122504K) : MIM Capacitor Option B section
2022-12-04 02:20:17 +0000: Memory Usage (1122504K) : Executing rule MIMTM.1
2022-12-04 02:20:17 +0000: Memory Usage (1122504K) : Executing rule MIMTM.2
2022-12-04 02:20:18 +0000: Memory Usage (1122504K) : Executing rule MIMTM.3
2022-12-04 02:20:18 +0000: Memory Usage (1122504K) : Executing rule MIMTM.4
2022-12-04 02:20:18 +0000: Memory Usage (1122504K) : Executing rule MIMTM.5
2022-12-04 02:20:18 +0000: Memory Usage (1132540K) : Executing rule MIMTM.6
2022-12-04 02:20:18 +0000: Memory Usage (1132540K) : Executing rule MIMTM.7
2022-12-04 02:20:18 +0000: Memory Usage (1132540K) : Executing rule MIMTM.8a
2022-12-04 02:20:18 +0000: Memory Usage (1132540K) : Executing rule MIMTM.8b
2022-12-04 02:20:19 +0000: Memory Usage (1132540K) : Executing rule MIMTM.9
2022-12-04 02:20:19 +0000: Memory Usage (1132540K) : Executing rule MIMTM.10
2022-12-04 02:20:19 +0000: Memory Usage (1132540K) : Executing rule MIMTM.11
2022-12-04 02:20:19 +0000: Memory Usage (1132540K) : Executing rule NAT.1
2022-12-04 02:20:19 +0000: Memory Usage (1132540K) : Executing rule NAT.2
2022-12-04 02:20:19 +0000: Memory Usage (1132540K) : Executing rule NAT.3
2022-12-04 02:20:19 +0000: Memory Usage (1132540K) : Executing rule NAT.4
2022-12-04 02:20:19 +0000: Memory Usage (1132540K) : Executing rule NAT.5
2022-12-04 02:20:20 +0000: Memory Usage (1132540K) : CONNECTIVITY_RULES section
2022-12-04 02:20:20 +0000: Memory Usage (1132540K) : Executing rule NAT.6
2022-12-04 02:20:20 +0000: Memory Usage (1132540K) : Executing rule NAT.7
2022-12-04 02:20:20 +0000: Memory Usage (1132540K) : Executing rule NAT.8
2022-12-04 02:20:20 +0000: Memory Usage (1132540K) : Executing rule NAT.9
2022-12-04 02:20:20 +0000: Memory Usage (1132540K) : Executing rule NAT.10
2022-12-04 02:20:20 +0000: Memory Usage (1132540K) : Executing rule NAT.11
2022-12-04 02:20:20 +0000: Memory Usage (1132540K) : Executing rule NAT.12
2022-12-04 02:20:20 +0000: Memory Usage (1132540K) : Executing rule BJT.1
2022-12-04 02:20:21 +0000: Memory Usage (1132540K) : Executing rule BJT.2
2022-12-04 02:20:21 +0000: Memory Usage (1132540K) : Executing rule BJT.3
2022-12-04 02:20:21 +0000: Memory Usage (1132540K) : Executing rule DE.2
2022-12-04 02:20:21 +0000: Memory Usage (1132540K) : Executing rule DE.3
2022-12-04 02:20:21 +0000: Memory Usage (1132540K) : Executing rule DE.4
2022-12-04 02:20:21 +0000: Memory Usage (1132540K) : Executing rule LVS_BJT.1
2022-12-04 02:20:21 +0000: Memory Usage (1132540K) : Executing rule O.DF.3a
2022-12-04 02:20:21 +0000: Memory Usage (1132540K) : Executing rule O.DF.6
2022-12-04 02:20:21 +0000: Memory Usage (1132540K) : Executing rule O.DF.9
2022-12-04 02:20:21 +0000: Memory Usage (1132540K) : Executing rule O.PL.2
2022-12-04 02:20:22 +0000: Memory Usage (1132540K) : Executing rule O.PL.3a
2022-12-04 02:20:22 +0000: Memory Usage (1141868K) : Executing rule O.PL.4
2022-12-04 02:20:22 +0000: Memory Usage (1141868K) : Executing rule O.SB.2
2022-12-04 02:20:22 +0000: Memory Usage (1141868K) : Executing rule O.SB.3
2022-12-04 02:20:22 +0000: Memory Usage (1141868K) : Executing rule O.SB.4
2022-12-04 02:20:23 +0000: Memory Usage (1141868K) : Executing rule O.SB.5b_3.3V
2022-12-04 02:20:23 +0000: Memory Usage (1141868K) : Executing rule O.SB.9
2022-12-04 02:20:23 +0000: Memory Usage (1141868K) : Executing rule O.SB.11
2022-12-04 02:20:23 +0000: Memory Usage (1141868K) : Executing rule O.SB.13_3.3V
2022-12-04 02:20:23 +0000: Memory Usage (1141868K) : Executing rule O.SB.13_5V
2022-12-04 02:20:23 +0000: Memory Usage (1141868K) : Executing rule O.CO.7
2022-12-04 02:20:24 +0000: Memory Usage (1179504K) : Executing rule O.PL.ORT
2022-12-04 02:20:25 +0000: Memory Usage (1179504K) : Executing rule EF.01
2022-12-04 02:20:25 +0000: Memory Usage (1179504K) : Executing rule EF.02
2022-12-04 02:20:25 +0000: Memory Usage (1179504K) : Executing rule EF.03
2022-12-04 02:20:25 +0000: Memory Usage (1179504K) : Executing rule EF.04a
2022-12-04 02:20:25 +0000: Memory Usage (1179504K) : Executing rule EF.04b
2022-12-04 02:20:25 +0000: Memory Usage (1179504K) : Executing rule EF.04c
2022-12-04 02:20:25 +0000: Memory Usage (1179504K) : Executing rule EF.04d
2022-12-04 02:20:25 +0000: Memory Usage (1179504K) : Executing rule EF.05
2022-12-04 02:20:25 +0000: Memory Usage (1179504K) : Executing rule EF.06
2022-12-04 02:20:26 +0000: Memory Usage (1179504K) : Executing rule EF.07
2022-12-04 02:20:26 +0000: Memory Usage (1179504K) : Executing rule EF.08
2022-12-04 02:20:26 +0000: Memory Usage (1179504K) : Executing rule EF.09
2022-12-04 02:20:26 +0000: Memory Usage (1179504K) : Executing rule EF.10
2022-12-04 02:20:26 +0000: Memory Usage (1179504K) : Executing rule EF.11
2022-12-04 02:20:26 +0000: Memory Usage (1179504K) : Executing rule EF.12
2022-12-04 02:20:26 +0000: Memory Usage (1179504K) : Executing rule EF.13
2022-12-04 02:20:26 +0000: Memory Usage (1179504K) : Executing rule EF.14
2022-12-04 02:20:26 +0000: Memory Usage (1179504K) : Executing rule EF.15
2022-12-04 02:20:27 +0000: Memory Usage (1179504K) : Executing rule EF.16a
2022-12-04 02:20:27 +0000: Memory Usage (1179504K) : Executing rule EF.16b
2022-12-04 02:20:27 +0000: Memory Usage (1179504K) : Executing rule EF.17
2022-12-04 02:20:27 +0000: Memory Usage (1179504K) : Executing rule EF.18
2022-12-04 02:20:27 +0000: Memory Usage (1184256K) : Executing rule EF.19
2022-12-04 02:20:28 +0000: Memory Usage (1184256K) : Executing rule EF.20
2022-12-04 02:20:28 +0000: Memory Usage (1184256K) : Executing rule EF.21
2022-12-04 02:20:28 +0000: Memory Usage (1184256K) : Executing rule EF.22a
2022-12-04 02:20:28 +0000: Memory Usage (1184256K) : Executing rule EF.22b
2022-12-04 02:20:29 +0000: Memory Usage (1184256K) : Executing rule MDN.1
2022-12-04 02:20:29 +0000: Memory Usage (1184256K) : CONNECTIVITY_RULES section
2022-12-04 02:20:29 +0000: Memory Usage (1184256K) : Executing rule MDN.2a
2022-12-04 02:20:29 +0000: Memory Usage (1184256K) : Executing rule MDN.2b
2022-12-04 02:20:29 +0000: Memory Usage (1192716K) : Executing rule MDN.3a
2022-12-04 02:20:29 +0000: Memory Usage (1192716K) : Executing rule MDN.3b
2022-12-04 02:20:29 +0000: Memory Usage (1192716K) : Executing rule MDN.4a
2022-12-04 02:20:29 +0000: Memory Usage (1192716K) : Executing rule MDN.4b
2022-12-04 02:20:30 +0000: Memory Usage (1192716K) : Executing rule MDN.5ai
2022-12-04 02:20:30 +0000: Memory Usage (1192716K) : Executing rule MDN.5aii
2022-12-04 02:20:30 +0000: Memory Usage (1192716K) : Executing rule MDN.5b
2022-12-04 02:20:30 +0000: Memory Usage (1192716K) : Executing rule MDN.5c
2022-12-04 02:20:30 +0000: Memory Usage (1192716K) : Executing rule MDN.6
2022-12-04 02:20:31 +0000: Memory Usage (1192716K) : Executing rule MDN.6a
2022-12-04 02:20:31 +0000: Memory Usage (1192716K) : Executing rule MDN.7
2022-12-04 02:20:31 +0000: Memory Usage (1192716K) : Executing rule MDN.7a
2022-12-04 02:20:31 +0000: Memory Usage (1192716K) : CONNECTIVITY_RULES section
2022-12-04 02:20:31 +0000: Memory Usage (1192716K) : Executing rule MDN.8a
2022-12-04 02:20:31 +0000: Memory Usage (1192716K) : Executing rule MDN.8b
2022-12-04 02:20:31 +0000: Memory Usage (1192716K) : Executing rule MDN.9
2022-12-04 02:20:32 +0000: Memory Usage (1192716K) : Executing rule MDN.10a
2022-12-04 02:20:32 +0000: Memory Usage (1192716K) : Executing rule MDN.10b
2022-12-04 02:20:32 +0000: Memory Usage (1192716K) : Executing rule MDN.10c
2022-12-04 02:20:33 +0000: Memory Usage (1192716K) : Executing rule MDN.10d
2022-12-04 02:20:33 +0000: Memory Usage (1192716K) : Executing rule MDN.10ei
2022-12-04 02:20:33 +0000: Memory Usage (1194208K) : Executing rule MDN.10eii
2022-12-04 02:20:33 +0000: Memory Usage (1194208K) : Executing rule MDN.10f
2022-12-04 02:20:34 +0000: Memory Usage (1205548K) : Executing rule MDN.11
2022-12-04 02:20:34 +0000: Memory Usage (1207480K) : Executing rule MDN.12
2022-12-04 02:20:34 +0000: Memory Usage (1207480K) : Executing rule MDN.13a
2022-12-04 02:20:35 +0000: Memory Usage (1207480K) : Executing rule MDN.13b
2022-12-04 02:20:35 +0000: Memory Usage (1207480K) : Executing rule MDN.13c
2022-12-04 02:20:35 +0000: Memory Usage (1215212K) : Executing rule MDN.13d
2022-12-04 02:20:36 +0000: Memory Usage (1215212K) : Executing rule MDN.14
2022-12-04 02:20:36 +0000: Memory Usage (1215212K) : Executing rule MDN.15a
2022-12-04 02:20:36 +0000: Memory Usage (1215212K) : Executing rule MDN.15b
2022-12-04 02:20:36 +0000: Memory Usage (1215212K) : Executing rule MDN.17
2022-12-04 02:20:37 +0000: Memory Usage (1215956K) : Executing rule MDP.1
2022-12-04 02:20:37 +0000: Memory Usage (1226760K) : Executing rule MDP.1a
2022-12-04 02:21:08 +0000: Memory Usage (1394264K) : Executing rule MDP.2
2022-12-04 02:21:08 +0000: Memory Usage (1394264K) : Executing rule MDP.3
2022-12-04 02:21:08 +0000: Memory Usage (1394264K) : Executing rule MDP.3ai
2022-12-04 02:21:09 +0000: Memory Usage (1394264K) : Executing rule MDP.3aii
2022-12-04 02:21:09 +0000: Memory Usage (1394264K) : Executing rule MDP.3b
2022-12-04 02:21:09 +0000: Memory Usage (1394264K) : Executing rule MDP.3c
2022-12-04 02:21:09 +0000: Memory Usage (1394264K) : Executing rule MDP.3d
2022-12-04 02:21:09 +0000: Memory Usage (1394264K) : Executing rule MDP.4
2022-12-04 02:21:10 +0000: Memory Usage (1394264K) : Executing rule MDP.4a
2022-12-04 02:21:10 +0000: Memory Usage (1394264K) : Executing rule MDP.4b
2022-12-04 02:21:10 +0000: Memory Usage (1394264K) : Executing rule MDP.5
2022-12-04 02:21:10 +0000: Memory Usage (1394264K) : Executing rule MDP.5a
2022-12-04 02:21:11 +0000: Memory Usage (1394264K) : Executing rule MDP.6
2022-12-04 02:21:11 +0000: Memory Usage (1394264K) : Executing rule MDP.6a
2022-12-04 02:21:11 +0000: Memory Usage (1394264K) : Executing rule MDP.7
2022-12-04 02:21:11 +0000: Memory Usage (1394264K) : Executing rule MDP.8
2022-12-04 02:21:11 +0000: Memory Usage (1394264K) : Executing rule MDP.9a
2022-12-04 02:21:11 +0000: Memory Usage (1394264K) : Executing rule MDP.9b
2022-12-04 02:21:11 +0000: Memory Usage (1394264K) : Executing rule MDP.9c
2022-12-04 02:21:12 +0000: Memory Usage (1394264K) : Executing rule MDP.9d
2022-12-04 02:21:13 +0000: Memory Usage (1396924K) : Executing rule MDP.9ei
2022-12-04 02:21:13 +0000: Memory Usage (1402136K) : Executing rule MDP.9eii
2022-12-04 02:21:13 +0000: Memory Usage (1402136K) : Executing rule MDP.9f
2022-12-04 02:21:14 +0000: Memory Usage (1405480K) : Executing rule MDP.10
2022-12-04 02:21:14 +0000: Memory Usage (1405480K) : CONNECTIVITY_RULES section
2022-12-04 02:21:14 +0000: Memory Usage (1405480K) : Executing rule MDP.10a
2022-12-04 02:21:14 +0000: Memory Usage (1405480K) : Executing rule MDP.10b
2022-12-04 02:21:14 +0000: Memory Usage (1405480K) : Executing rule MDP.11
2022-12-04 02:21:14 +0000: Memory Usage (1405480K) : Executing rule MDP.12
2022-12-04 02:21:14 +0000: Memory Usage (1409284K) : Executing rule MDP.13a
2022-12-04 02:21:15 +0000: Memory Usage (1411304K) : Executing rule MDP.13b
2022-12-04 02:21:15 +0000: Memory Usage (1411304K) : Executing rule MDP.13c
2022-12-04 02:21:15 +0000: Memory Usage (1418172K) : Executing rule MDP.15
2022-12-04 02:21:15 +0000: Memory Usage (1418172K) : Executing rule MDP.16a
2022-12-04 02:21:15 +0000: Memory Usage (1418172K) : Executing rule MDP.16b
2022-12-04 02:21:16 +0000: Memory Usage (1418172K) : Executing rule MDP.17a
2022-12-04 02:21:16 +0000: Memory Usage (1418172K) : Executing rule MDP.17c
2022-12-04 02:21:16 +0000: Memory Usage (1418172K) : Executing rule Y.NW.2b_3.3V
2022-12-04 02:21:16 +0000: Memory Usage (1418172K) : Executing rule Y.NW.2b_5V
2022-12-04 02:21:16 +0000: Memory Usage (1418172K) : Executing rule Y.DF.6_5V
2022-12-04 02:21:16 +0000: Memory Usage (1418172K) : Executing rule Y.DF.16_3.3V
2022-12-04 02:21:16 +0000: Memory Usage (1418172K) : Executing rule Y.DF.16_5V
2022-12-04 02:21:17 +0000: Memory Usage (1418172K) : Executing rule Y.PL.1_3.3V
2022-12-04 02:21:17 +0000: Memory Usage (1418172K) : Executing rule Y.PL.1_5V
2022-12-04 02:21:17 +0000: Memory Usage (1418172K) : Executing rule Y.PL.2_3.3V
2022-12-04 02:21:17 +0000: Memory Usage (1419924K) : Executing rule Y.PL.2_5V
2022-12-04 02:21:18 +0000: Memory Usage (1423512K) : Executing rule Y.PL.4_5V
2022-12-04 02:21:18 +0000: Memory Usage (1423512K) : Executing rule Y.PL.5a_3.3V
2022-12-04 02:21:18 +0000: Memory Usage (1423512K) : Executing rule Y.PL.5a_5V
2022-12-04 02:21:18 +0000: Memory Usage (1423512K) : Executing rule Y.PL.5b_3.3V
2022-12-04 02:21:18 +0000: Memory Usage (1423512K) : Executing rule Y.PL.5b_5V
2022-12-04 02:21:18 +0000: Memory Usage (1423512K) : Executing rule S.DF.4c_MV
2022-12-04 02:21:18 +0000: Memory Usage (1423512K) : Executing rule S.DF.6_MV
2022-12-04 02:21:19 +0000: Memory Usage (1423512K) : Executing rule S.DF.7_MV
2022-12-04 02:21:19 +0000: Memory Usage (1423512K) : Executing rule S.DF.8_MV
2022-12-04 02:21:19 +0000: Memory Usage (1423512K) : Executing rule S.DF.16_MV
2022-12-04 02:21:19 +0000: Memory Usage (1427096K) : Executing rule S.PL.5a_MV
2022-12-04 02:21:19 +0000: Memory Usage (1427096K) : Executing rule S.PL.5b_MV
2022-12-04 02:21:19 +0000: Memory Usage (1427096K) : Executing rule S.CO.4_MV
2022-12-04 02:21:20 +0000: Memory Usage (1427096K) : Executing rule S.DF.4c_LV
2022-12-04 02:21:20 +0000: Memory Usage (1427096K) : Executing rule S.DF.16_LV
2022-12-04 02:21:20 +0000: Memory Usage (1430424K) : Executing rule S.CO.3_LV
2022-12-04 02:21:20 +0000: Memory Usage (1430424K) : Executing rule S.CO.4_LV
2022-12-04 02:21:21 +0000: Memory Usage (1430424K) : Executing rule S.CO.6_ii_LV
2022-12-04 02:21:21 +0000: Memory Usage (1430424K) : Executing rule S.M1.1_LV
2022-12-04 02:21:21 +0000: Memory Usage (1430424K) : OFFGRID-ANGLES section
2022-12-04 02:21:21 +0000: Memory Usage (1430424K) : Executing rule comp_OFFGRID
2022-12-04 02:21:21 +0000: Memory Usage (1430424K) : Executing rule dnwell_OFFGRID
2022-12-04 02:21:21 +0000: Memory Usage (1430424K) : Executing rule nwell_OFFGRID
2022-12-04 02:21:21 +0000: Memory Usage (1430424K) : Executing rule lvpwell_OFFGRID
2022-12-04 02:21:21 +0000: Memory Usage (1430424K) : Executing rule dualgate_OFFGRID
2022-12-04 02:21:22 +0000: Memory Usage (1430424K) : Executing rule poly2_OFFGRID
2022-12-04 02:21:22 +0000: Memory Usage (1430424K) : Executing rule nplus_OFFGRID
2022-12-04 02:21:22 +0000: Memory Usage (1430424K) : Executing rule pplus_OFFGRID
2022-12-04 02:21:22 +0000: Memory Usage (1430424K) : Executing rule sab_OFFGRID
2022-12-04 02:21:22 +0000: Memory Usage (1430424K) : Executing rule esd_OFFGRID
2022-12-04 02:21:22 +0000: Memory Usage (1430424K) : Executing rule contact_OFFGRID
2022-12-04 02:21:22 +0000: Memory Usage (1430424K) : Executing rule metal1_OFFGRID
2022-12-04 02:21:22 +0000: Memory Usage (1430424K) : Executing rule via1_OFFGRID
2022-12-04 02:21:23 +0000: Memory Usage (1430424K) : Executing rule metal2_OFFGRID
2022-12-04 02:21:23 +0000: Memory Usage (1430424K) : Executing rule via2_OFFGRID
2022-12-04 02:21:23 +0000: Memory Usage (1430424K) : Executing rule metal3_OFFGRID
2022-12-04 02:21:23 +0000: Memory Usage (1430424K) : Executing rule via3_OFFGRID
2022-12-04 02:21:23 +0000: Memory Usage (1430424K) : Executing rule metal4_OFFGRID
2022-12-04 02:21:23 +0000: Memory Usage (1430424K) : Executing rule via4_OFFGRID
2022-12-04 02:21:23 +0000: Memory Usage (1430424K) : Executing rule metal5_OFFGRID
2022-12-04 02:21:23 +0000: Memory Usage (1430424K) : Executing rule via5_OFFGRID
2022-12-04 02:21:24 +0000: Memory Usage (1430424K) : Executing rule metaltop_OFFGRID
2022-12-04 02:21:24 +0000: Memory Usage (1430424K) : Executing rule pad_OFFGRID
2022-12-04 02:21:24 +0000: Memory Usage (1430424K) : Executing rule resistor_OFFGRID
2022-12-04 02:21:24 +0000: Memory Usage (1430424K) : Executing rule fhres_OFFGRID
2022-12-04 02:21:24 +0000: Memory Usage (1430424K) : Executing rule fusetop_OFFGRID
2022-12-04 02:21:24 +0000: Memory Usage (1430424K) : Executing rule fusewindow_d_OFFGRID
2022-12-04 02:21:24 +0000: Memory Usage (1430424K) : Executing rule polyfuse_OFFGRID
2022-12-04 02:21:24 +0000: Memory Usage (1430424K) : Executing rule mvsd_OFFGRID
2022-12-04 02:21:25 +0000: Memory Usage (1430424K) : Executing rule mvpsd_OFFGRID
2022-12-04 02:21:25 +0000: Memory Usage (1430424K) : Executing rule nat_OFFGRID
2022-12-04 02:21:25 +0000: Memory Usage (1430424K) : Executing rule comp_dummy_OFFGRID
2022-12-04 02:21:25 +0000: Memory Usage (1430424K) : Executing rule poly2_dummy_OFFGRID
2022-12-04 02:21:25 +0000: Memory Usage (1430424K) : Executing rule metal1_dummy_OFFGRID
2022-12-04 02:21:25 +0000: Memory Usage (1430424K) : Executing rule metal2_dummy_OFFGRID
2022-12-04 02:21:25 +0000: Memory Usage (1430424K) : Executing rule metal3_dummy_OFFGRID
2022-12-04 02:21:25 +0000: Memory Usage (1430424K) : Executing rule metal4_dummy_OFFGRID
2022-12-04 02:21:25 +0000: Memory Usage (1430424K) : Executing rule metal5_dummy_OFFGRID
2022-12-04 02:21:25 +0000: Memory Usage (1430424K) : Executing rule metaltop_dummy_OFFGRID
2022-12-04 02:21:25 +0000: Memory Usage (1430424K) : Executing rule comp_label_OFFGRID
2022-12-04 02:21:25 +0000: Memory Usage (1430424K) : Executing rule poly2_label_OFFGRID
2022-12-04 02:21:25 +0000: Memory Usage (1430424K) : Executing rule metal1_label_OFFGRID
2022-12-04 02:21:26 +0000: Memory Usage (1430424K) : Executing rule metal2_label_OFFGRID
2022-12-04 02:21:26 +0000: Memory Usage (1430424K) : Executing rule metal3_label_OFFGRID
2022-12-04 02:21:26 +0000: Memory Usage (1430424K) : Executing rule metal4_label_OFFGRID
2022-12-04 02:21:26 +0000: Memory Usage (1430424K) : Executing rule metal5_label_OFFGRID
2022-12-04 02:21:26 +0000: Memory Usage (1430424K) : Executing rule metaltop_label_OFFGRID
2022-12-04 02:21:26 +0000: Memory Usage (1430424K) : Executing rule metal1_slot_OFFGRID
2022-12-04 02:21:26 +0000: Memory Usage (1430424K) : Executing rule metal2_slot_OFFGRID
2022-12-04 02:21:26 +0000: Memory Usage (1430424K) : Executing rule metal3_slot_OFFGRID
2022-12-04 02:21:26 +0000: Memory Usage (1430424K) : Executing rule metal4_slot_OFFGRID
2022-12-04 02:21:26 +0000: Memory Usage (1430424K) : Executing rule metal5_slot_OFFGRID
2022-12-04 02:21:26 +0000: Memory Usage (1430424K) : Executing rule metaltop_slot_OFFGRID
2022-12-04 02:21:26 +0000: Memory Usage (1430424K) : Executing rule ubmpperi_OFFGRID
2022-12-04 02:21:27 +0000: Memory Usage (1430424K) : Executing rule ubmparray_OFFGRID
2022-12-04 02:21:27 +0000: Memory Usage (1430424K) : Executing rule ubmeplate_OFFGRID
2022-12-04 02:21:27 +0000: Memory Usage (1430424K) : Executing rule schottky_diode_OFFGRID
2022-12-04 02:21:27 +0000: Memory Usage (1430424K) : Executing rule zener_OFFGRID
2022-12-04 02:21:27 +0000: Memory Usage (1430424K) : Executing rule res_mk_OFFGRID
2022-12-04 02:21:27 +0000: Memory Usage (1430424K) : Executing rule opc_drc_OFFGRID
2022-12-04 02:21:27 +0000: Memory Usage (1430424K) : Executing rule ndmy_OFFGRID
2022-12-04 02:21:27 +0000: Memory Usage (1430424K) : Executing rule pmndmy_OFFGRID
2022-12-04 02:21:27 +0000: Memory Usage (1430424K) : Executing rule v5_xtor_OFFGRID
2022-12-04 02:21:27 +0000: Memory Usage (1430424K) : Executing rule cap_mk_OFFGRID
2022-12-04 02:21:27 +0000: Memory Usage (1430424K) : Executing rule mos_cap_mk_OFFGRID
2022-12-04 02:21:28 +0000: Memory Usage (1430424K) : Executing rule ind_mk_OFFGRID
2022-12-04 02:21:28 +0000: Memory Usage (1430424K) : Executing rule diode_mk_OFFGRID
2022-12-04 02:21:28 +0000: Memory Usage (1430424K) : Executing rule drc_bjt_OFFGRID
2022-12-04 02:21:28 +0000: Memory Usage (1430424K) : Executing rule lvs_bjt_OFFGRID
2022-12-04 02:21:28 +0000: Memory Usage (1430424K) : Executing rule mim_l_mk_OFFGRID
2022-12-04 02:21:28 +0000: Memory Usage (1430424K) : Executing rule latchup_mk_OFFGRID
2022-12-04 02:21:28 +0000: Memory Usage (1430424K) : Executing rule guard_ring_mk_OFFGRID
2022-12-04 02:21:28 +0000: Memory Usage (1430424K) : Executing rule otp_mk_OFFGRID
2022-12-04 02:21:28 +0000: Memory Usage (1430424K) : Executing rule mtpmark_OFFGRID
2022-12-04 02:21:28 +0000: Memory Usage (1430424K) : Executing rule neo_ee_mk_OFFGRID
2022-12-04 02:21:28 +0000: Memory Usage (1430424K) : Executing rule sramcore_OFFGRID
2022-12-04 02:21:28 +0000: Memory Usage (1430424K) : Executing rule lvs_rf_OFFGRID
2022-12-04 02:21:29 +0000: Memory Usage (1430424K) : Executing rule lvs_drain_OFFGRID
2022-12-04 02:21:29 +0000: Memory Usage (1430424K) : Executing rule hvpolyrs_OFFGRID
2022-12-04 02:21:29 +0000: Memory Usage (1430424K) : Executing rule lvs_io_OFFGRID
2022-12-04 02:21:29 +0000: Memory Usage (1430424K) : Executing rule probe_mk_OFFGRID
2022-12-04 02:21:29 +0000: Memory Usage (1430424K) : Executing rule esd_mk_OFFGRID
2022-12-04 02:21:29 +0000: Memory Usage (1430424K) : Executing rule lvs_source_OFFGRID
2022-12-04 02:21:29 +0000: Memory Usage (1430424K) : Executing rule well_diode_mk_OFFGRID
2022-12-04 02:21:29 +0000: Memory Usage (1430424K) : Executing rule ldmos_xtor_OFFGRID
2022-12-04 02:21:29 +0000: Memory Usage (1430424K) : Executing rule plfuse_OFFGRID
2022-12-04 02:21:29 +0000: Memory Usage (1430424K) : Executing rule efuse_mk_OFFGRID
2022-12-04 02:21:29 +0000: Memory Usage (1430424K) : Executing rule mcell_feol_mk_OFFGRID
2022-12-04 02:21:29 +0000: Memory Usage (1430424K) : Executing rule ymtp_mk_OFFGRID
2022-12-04 02:21:29 +0000: Memory Usage (1430424K) : Executing rule dev_wf_mk_OFFGRID
2022-12-04 02:21:30 +0000: Memory Usage (1430424K) : Executing rule metal1_blk_OFFGRID
2022-12-04 02:21:30 +0000: Memory Usage (1430424K) : Executing rule metal2_blk_OFFGRID
2022-12-04 02:21:30 +0000: Memory Usage (1430424K) : Executing rule metal3_blk_OFFGRID
2022-12-04 02:21:30 +0000: Memory Usage (1430424K) : Executing rule metal4_blk_OFFGRID
2022-12-04 02:21:30 +0000: Memory Usage (1430424K) : Executing rule metal5_blk_OFFGRID
2022-12-04 02:21:30 +0000: Memory Usage (1430424K) : Executing rule metalt_blk_OFFGRID
2022-12-04 02:21:30 +0000: Memory Usage (1430424K) : Executing rule pr_bndry_OFFGRID
2022-12-04 02:21:30 +0000: Memory Usage (1430424K) : Executing rule mdiode_OFFGRID
2022-12-04 02:21:30 +0000: Memory Usage (1430424K) : Executing rule metal1_res_OFFGRID
2022-12-04 02:21:30 +0000: Memory Usage (1430424K) : Executing rule metal2_res_OFFGRID
2022-12-04 02:21:31 +0000: Memory Usage (1430424K) : Executing rule metal3_res_OFFGRID
2022-12-04 02:21:31 +0000: Memory Usage (1430424K) : Executing rule metal4_res_OFFGRID
2022-12-04 02:21:31 +0000: Memory Usage (1430424K) : Executing rule metal5_res_OFFGRID
2022-12-04 02:21:31 +0000: Memory Usage (1430424K) : Executing rule metal6_res_OFFGRID
2022-12-04 02:21:31 +0000: Memory Usage (1430424K) : Executing rule border_OFFGRID
VmPeak:	 1550684 kB
VmHWM:	 1217212 kB
2022-12-04 02:21:31 +0000: Memory Usage (1430424K) : DRC Total Run time 161.790445 seconds
