2022-12-04 03:26:43 +0000: Memory Usage (540948K) : Starting running GF180MCU Klayout DRC runset on /root/gf180-demo/caravel_user_project/gds/user_project_wrapper.gds
2022-12-04 03:26:43 +0000: Memory Usage (540948K) : Ruby Version for klayout: 2.0.0
2022-12-04 03:26:43 +0000: Memory Usage (544744K) : Loading database to memory is complete.
2022-12-04 03:26:43 +0000: Memory Usage (544744K) : GF180MCU Klayout DRC runset output at: /root/gf180-demo/caravel_user_project/precheck_results/04_DEC_2022___03_22_15/outputs/reports/klayout_beol_check.xml
2022-12-04 03:26:43 +0000: Memory Usage (544744K) : Number of threads to use 4
2022-12-04 03:26:43 +0000: Memory Usage (544744K) : flat  mode is enabled.
2022-12-04 03:26:43 +0000: Memory Usage (544744K) : Read in polygons from layers.
2022-12-04 03:26:48 +0000: Memory Usage (575348K) : Starting deriving base layers.
2022-12-04 03:26:49 +0000: Memory Usage (593092K) : Evaluate switches.
2022-12-04 03:26:49 +0000: Memory Usage (593092K) : FEOL is disabled.
2022-12-04 03:26:49 +0000: Memory Usage (593092K) : BEOL is enabled.
2022-12-04 03:26:49 +0000: Memory Usage (593092K) : connectivity rules are enabled.
2022-12-04 03:26:49 +0000: Memory Usage (593092K) : METAL_TOP Selected is 9K
2022-12-04 03:26:49 +0000: Memory Usage (593092K) : METAL_STACK Selected is 5LM
2022-12-04 03:26:49 +0000: Memory Usage (593092K) : Wedge enabled  true
2022-12-04 03:26:49 +0000: Memory Usage (593092K) : Ball enabled  true
2022-12-04 03:26:50 +0000: Memory Usage (593092K) : Gold enabled  true
2022-12-04 03:26:50 +0000: Memory Usage (593092K) : MIM Option selected B
/root/mpw_precheck/checks/tech-files/gf180mcuC_mr.drc:543: warning: already initialized constant DRC::DRCEngine::OFFGRID
/root/mpw_precheck/checks/tech-files/gf180mcuC_mr.drc:463: warning: previous definition of OFFGRID was here
2022-12-04 03:26:50 +0000: Memory Usage (593092K) : Offgrid enabled  true
2022-12-04 03:26:50 +0000: Memory Usage (593092K) : Construct connectivity for the design.
2022-12-04 03:26:50 +0000: Memory Usage (593092K) : Connectivity rules enabled, Netlist object will be generated.
2022-12-04 03:26:52 +0000: Memory Usage (626228K) : Total area of the design is 8997120.228799999 um^2.
2022-12-04 03:26:52 +0000: Memory Usage (626228K) : Total no. of polygons in the design is 175160
2022-12-04 03:26:52 +0000: Memory Usage (626228K) : Initialization and base layers definition.
2022-12-04 03:26:52 +0000: Memory Usage (626228K) : Starting GF180MCU DRC rules.
2022-12-04 03:26:52 +0000: Memory Usage (626228K) : BEOL section
2022-12-04 03:26:52 +0000: Memory Usage (626228K) : Executing rule M1.1
2022-12-04 03:26:52 +0000: Memory Usage (626228K) : Executing rule M1.2a
2022-12-04 03:26:53 +0000: Memory Usage (626228K) : Executing rule M1.2b
2022-12-04 03:26:54 +0000: Memory Usage (630324K) : Executing rule M1.3
2022-12-04 03:26:54 +0000: Memory Usage (630324K) : Executing rule M2.1
2022-12-04 03:26:54 +0000: Memory Usage (630324K) : Executing rule M2.2a
2022-12-04 03:26:55 +0000: Memory Usage (630324K) : Executing rule M2.2b
2022-12-04 03:26:55 +0000: Memory Usage (630324K) : Executing rule M2.3
2022-12-04 03:26:55 +0000: Memory Usage (630324K) : Executing rule M3.1
2022-12-04 03:26:55 +0000: Memory Usage (630324K) : Executing rule M3.2a
2022-12-04 03:26:55 +0000: Memory Usage (630324K) : Executing rule M3.2b
2022-12-04 03:26:55 +0000: Memory Usage (630324K) : Executing rule M3.3
2022-12-04 03:26:55 +0000: Memory Usage (630324K) : Executing rule M4.1
2022-12-04 03:26:55 +0000: Memory Usage (630324K) : Executing rule M4.2a
2022-12-04 03:26:55 +0000: Memory Usage (630324K) : Executing rule M4.2b
2022-12-04 03:26:55 +0000: Memory Usage (630324K) : Executing rule M4.3
2022-12-04 03:26:55 +0000: Memory Usage (630324K) : Executing rule M5.1
2022-12-04 03:26:55 +0000: Memory Usage (630324K) : Executing rule M5.2a
2022-12-04 03:26:55 +0000: Memory Usage (630324K) : Executing rule M5.2b
2022-12-04 03:26:56 +0000: Memory Usage (630324K) : Executing rule M5.3
2022-12-04 03:26:56 +0000: Memory Usage (630324K) : Executing rule V1.1
2022-12-04 03:26:56 +0000: Memory Usage (630324K) : Executing rule V1.2a
2022-12-04 03:26:56 +0000: Memory Usage (630324K) : Executing rule V1.2b
2022-12-04 03:26:56 +0000: Memory Usage (630324K) : Executing rule V1.3a
2022-12-04 03:26:58 +0000: Memory Usage (636380K) : Executing rule V1.3c
2022-12-04 03:26:58 +0000: Memory Usage (636380K) : Executing rule V1.3d
2022-12-04 03:26:59 +0000: Memory Usage (647792K) : Executing rule V1.4a
2022-12-04 03:26:59 +0000: Memory Usage (647792K) : Executing rule V1.4b
2022-12-04 03:26:59 +0000: Memory Usage (647792K) : Executing rule V1.4c
2022-12-04 03:26:59 +0000: Memory Usage (647792K) : Executing rule V2.1
2022-12-04 03:26:59 +0000: Memory Usage (647792K) : Executing rule V2.2a
2022-12-04 03:27:00 +0000: Memory Usage (647792K) : Executing rule V2.2b
2022-12-04 03:27:00 +0000: Memory Usage (647792K) : Executing rule V2.3b
2022-12-04 03:27:00 +0000: Memory Usage (647792K) : Executing rule V2.3c
2022-12-04 03:27:00 +0000: Memory Usage (647792K) : Executing rule V2.3d
2022-12-04 03:27:00 +0000: Memory Usage (647792K) : Executing rule V2.4a
2022-12-04 03:27:01 +0000: Memory Usage (647792K) : Executing rule V2.4b
2022-12-04 03:27:01 +0000: Memory Usage (647792K) : Executing rule V2.4c
2022-12-04 03:27:01 +0000: Memory Usage (647792K) : Executing rule V3.1
2022-12-04 03:27:01 +0000: Memory Usage (647792K) : Executing rule V3.2a
2022-12-04 03:27:02 +0000: Memory Usage (647792K) : Executing rule V3.2b
2022-12-04 03:27:02 +0000: Memory Usage (647792K) : Executing rule V3.3b
2022-12-04 03:27:02 +0000: Memory Usage (647792K) : Executing rule V3.3c
2022-12-04 03:27:02 +0000: Memory Usage (647792K) : Executing rule V3.3d
2022-12-04 03:27:02 +0000: Memory Usage (647792K) : Executing rule V3.4a
2022-12-04 03:27:03 +0000: Memory Usage (647792K) : Executing rule V3.4b
2022-12-04 03:27:03 +0000: Memory Usage (647792K) : Executing rule V3.4c
2022-12-04 03:27:03 +0000: Memory Usage (647792K) : Executing rule V4.1
2022-12-04 03:27:03 +0000: Memory Usage (651888K) : Executing rule V4.2a
2022-12-04 03:27:04 +0000: Memory Usage (678700K) : Executing rule V4.2b
2022-12-04 03:27:05 +0000: Memory Usage (678700K) : Executing rule V4.3b
2022-12-04 03:27:05 +0000: Memory Usage (678700K) : Executing rule V4.3c
2022-12-04 03:27:07 +0000: Memory Usage (684324K) : Executing rule V4.3d
2022-12-04 03:27:07 +0000: Memory Usage (684324K) : Executing rule V4.4a
2022-12-04 03:27:08 +0000: Memory Usage (694564K) : Executing rule V4.4b
2022-12-04 03:27:10 +0000: Memory Usage (706016K) : Executing rule V4.4c
2022-12-04 03:27:10 +0000: Memory Usage (706016K) : Executing rule V5.1
2022-12-04 03:27:10 +0000: Memory Usage (706016K) : Executing rule V5.2a
2022-12-04 03:27:10 +0000: Memory Usage (706016K) : Executing rule V5.2b
2022-12-04 03:27:10 +0000: Memory Usage (706016K) : Executing rule V5.3b
2022-12-04 03:27:10 +0000: Memory Usage (706016K) : Executing rule V5.3c
2022-12-04 03:27:11 +0000: Memory Usage (706016K) : Executing rule V5.3d
2022-12-04 03:27:11 +0000: Memory Usage (706016K) : Executing rule V5.4a
2022-12-04 03:27:11 +0000: Memory Usage (706016K) : Executing rule V5.4b
2022-12-04 03:27:11 +0000: Memory Usage (706016K) : Executing rule V5.4c
2022-12-04 03:27:12 +0000: Memory Usage (706016K) : MetalTop thickness 9k/11k section
2022-12-04 03:27:12 +0000: Memory Usage (706016K) : Executing rule MT.1
2022-12-04 03:27:12 +0000: Memory Usage (706016K) : Executing rule MT.2a
2022-12-04 03:27:12 +0000: Memory Usage (706016K) : Executing rule MT.2b
2022-12-04 03:27:12 +0000: Memory Usage (706016K) : Executing rule MT.4
2022-12-04 03:27:12 +0000: Memory Usage (706016K) : Executing rule MC.1
2022-12-04 03:27:12 +0000: Memory Usage (706016K) : Executing rule MC.2
2022-12-04 03:27:12 +0000: Memory Usage (706016K) : Executing rule MC.3
2022-12-04 03:27:12 +0000: Memory Usage (706016K) : Executing rule MC.4
2022-12-04 03:27:12 +0000: Memory Usage (706016K) : Executing rule PRES.1
2022-12-04 03:27:12 +0000: Memory Usage (706016K) : Executing rule PRES.2
2022-12-04 03:27:12 +0000: Memory Usage (706016K) : Executing rule PRES.3
2022-12-04 03:27:13 +0000: Memory Usage (706016K) : Executing rule PRES.4
2022-12-04 03:27:13 +0000: Memory Usage (706016K) : Executing rule PRES.5
2022-12-04 03:27:13 +0000: Memory Usage (706016K) : Executing rule PRES.6
2022-12-04 03:27:13 +0000: Memory Usage (706016K) : Executing rule PRES.7
2022-12-04 03:27:13 +0000: Memory Usage (706016K) : Executing rule PRES.9a
2022-12-04 03:27:13 +0000: Memory Usage (706016K) : Executing rule PRES.9b
2022-12-04 03:27:13 +0000: Memory Usage (706016K) : Executing rule LRES.1
2022-12-04 03:27:13 +0000: Memory Usage (706016K) : Executing rule LRES.2
2022-12-04 03:27:14 +0000: Memory Usage (706016K) : Executing rule LRES.3
2022-12-04 03:27:14 +0000: Memory Usage (706016K) : Executing rule LRES.4
2022-12-04 03:27:14 +0000: Memory Usage (706016K) : Executing rule LRES.5
2022-12-04 03:27:14 +0000: Memory Usage (706016K) : Executing rule LRES.6
2022-12-04 03:27:14 +0000: Memory Usage (706016K) : Executing rule LRES.7
2022-12-04 03:27:14 +0000: Memory Usage (706016K) : Executing rule LRES.9a
2022-12-04 03:27:15 +0000: Memory Usage (706016K) : Executing rule LRES.9b
2022-12-04 03:27:15 +0000: Memory Usage (706016K) : Executing rule HRES.1
2022-12-04 03:27:15 +0000: Memory Usage (706016K) : Executing rule HRES.2
2022-12-04 03:27:15 +0000: Memory Usage (706016K) : Executing rule HRES.3
2022-12-04 03:27:15 +0000: Memory Usage (706016K) : Executing rule HRES.4
2022-12-04 03:27:15 +0000: Memory Usage (706016K) : Executing rule HRES.5
2022-12-04 03:27:15 +0000: Memory Usage (706016K) : Executing rule HRES.6
2022-12-04 03:27:15 +0000: Memory Usage (708380K) : Executing rule HRES.7
2022-12-04 03:27:16 +0000: Memory Usage (708380K) : Executing rule HRES.8
2022-12-04 03:27:16 +0000: Memory Usage (708380K) : Executing rule HRES.9
2022-12-04 03:27:16 +0000: Memory Usage (708380K) : Executing rule HRES.10
2022-12-04 03:27:16 +0000: Memory Usage (708976K) : Executing rule HRES.12a
2022-12-04 03:27:16 +0000: Memory Usage (708976K) : Executing rule HRES.12b
2022-12-04 03:27:16 +0000: Memory Usage (708976K) : MIM Capacitor Option B section
2022-12-04 03:27:16 +0000: Memory Usage (708976K) : Executing rule MIMTM.1
2022-12-04 03:27:16 +0000: Memory Usage (708976K) : Executing rule MIMTM.2
2022-12-04 03:27:17 +0000: Memory Usage (708976K) : Executing rule MIMTM.3
2022-12-04 03:27:17 +0000: Memory Usage (708976K) : Executing rule MIMTM.4
2022-12-04 03:27:17 +0000: Memory Usage (708976K) : Executing rule MIMTM.5
2022-12-04 03:27:17 +0000: Memory Usage (733252K) : Executing rule MIMTM.6
2022-12-04 03:27:17 +0000: Memory Usage (733252K) : Executing rule MIMTM.7
2022-12-04 03:27:17 +0000: Memory Usage (733252K) : Executing rule MIMTM.8a
2022-12-04 03:27:17 +0000: Memory Usage (733252K) : Executing rule MIMTM.8b
2022-12-04 03:27:17 +0000: Memory Usage (733252K) : Executing rule MIMTM.9
2022-12-04 03:27:18 +0000: Memory Usage (733252K) : Executing rule MIMTM.10
2022-12-04 03:27:18 +0000: Memory Usage (733252K) : Executing rule MIMTM.11
2022-12-04 03:27:18 +0000: Memory Usage (733252K) : Executing rule NAT.1
2022-12-04 03:27:18 +0000: Memory Usage (733252K) : Executing rule NAT.2
2022-12-04 03:27:18 +0000: Memory Usage (733252K) : Executing rule NAT.3
2022-12-04 03:27:18 +0000: Memory Usage (733252K) : Executing rule NAT.4
2022-12-04 03:27:18 +0000: Memory Usage (733252K) : Executing rule NAT.5
2022-12-04 03:27:19 +0000: Memory Usage (733252K) : CONNECTIVITY_RULES section
2022-12-04 03:27:19 +0000: Memory Usage (733252K) : Executing rule NAT.6
2022-12-04 03:27:19 +0000: Memory Usage (733252K) : Executing rule NAT.7
2022-12-04 03:27:19 +0000: Memory Usage (733252K) : Executing rule NAT.8
2022-12-04 03:27:19 +0000: Memory Usage (733252K) : Executing rule NAT.9
2022-12-04 03:27:19 +0000: Memory Usage (733252K) : Executing rule NAT.10
2022-12-04 03:27:19 +0000: Memory Usage (733252K) : Executing rule NAT.11
2022-12-04 03:27:19 +0000: Memory Usage (733252K) : Executing rule NAT.12
2022-12-04 03:27:19 +0000: Memory Usage (733252K) : Executing rule BJT.1
2022-12-04 03:27:19 +0000: Memory Usage (733252K) : Executing rule BJT.2
2022-12-04 03:27:20 +0000: Memory Usage (733252K) : Executing rule BJT.3
2022-12-04 03:27:20 +0000: Memory Usage (733252K) : Executing rule DE.2
2022-12-04 03:27:20 +0000: Memory Usage (733252K) : Executing rule DE.3
2022-12-04 03:27:20 +0000: Memory Usage (733252K) : Executing rule DE.4
2022-12-04 03:27:20 +0000: Memory Usage (733252K) : Executing rule LVS_BJT.1
2022-12-04 03:27:20 +0000: Memory Usage (733252K) : Executing rule O.DF.3a
2022-12-04 03:27:20 +0000: Memory Usage (733252K) : Executing rule O.DF.6
2022-12-04 03:27:20 +0000: Memory Usage (733252K) : Executing rule O.DF.9
2022-12-04 03:27:21 +0000: Memory Usage (733252K) : Executing rule O.PL.2
2022-12-04 03:27:21 +0000: Memory Usage (733252K) : Executing rule O.PL.3a
2022-12-04 03:27:22 +0000: Memory Usage (742556K) : Executing rule O.PL.4
2022-12-04 03:27:22 +0000: Memory Usage (742556K) : Executing rule O.SB.2
2022-12-04 03:27:22 +0000: Memory Usage (742556K) : Executing rule O.SB.3
2022-12-04 03:27:22 +0000: Memory Usage (742556K) : Executing rule O.SB.4
2022-12-04 03:27:22 +0000: Memory Usage (742556K) : Executing rule O.SB.5b_3.3V
2022-12-04 03:27:22 +0000: Memory Usage (742556K) : Executing rule O.SB.9
2022-12-04 03:27:22 +0000: Memory Usage (742556K) : Executing rule O.SB.11
2022-12-04 03:27:22 +0000: Memory Usage (742556K) : Executing rule O.SB.13_3.3V
2022-12-04 03:27:23 +0000: Memory Usage (742556K) : Executing rule O.SB.13_5V
2022-12-04 03:27:23 +0000: Memory Usage (742556K) : Executing rule O.CO.7
2022-12-04 03:27:23 +0000: Memory Usage (780248K) : Executing rule O.PL.ORT
2022-12-04 03:27:24 +0000: Memory Usage (780248K) : Executing rule EF.01
2022-12-04 03:27:24 +0000: Memory Usage (780248K) : Executing rule EF.02
2022-12-04 03:27:24 +0000: Memory Usage (780248K) : Executing rule EF.03
2022-12-04 03:27:25 +0000: Memory Usage (780248K) : Executing rule EF.04a
2022-12-04 03:27:25 +0000: Memory Usage (780248K) : Executing rule EF.04b
2022-12-04 03:27:25 +0000: Memory Usage (780248K) : Executing rule EF.04c
2022-12-04 03:27:25 +0000: Memory Usage (780248K) : Executing rule EF.04d
2022-12-04 03:27:25 +0000: Memory Usage (780248K) : Executing rule EF.05
2022-12-04 03:27:25 +0000: Memory Usage (780248K) : Executing rule EF.06
2022-12-04 03:27:25 +0000: Memory Usage (780248K) : Executing rule EF.07
2022-12-04 03:27:26 +0000: Memory Usage (780248K) : Executing rule EF.08
2022-12-04 03:27:26 +0000: Memory Usage (780248K) : Executing rule EF.09
2022-12-04 03:27:26 +0000: Memory Usage (780248K) : Executing rule EF.10
2022-12-04 03:27:26 +0000: Memory Usage (780248K) : Executing rule EF.11
2022-12-04 03:27:26 +0000: Memory Usage (780248K) : Executing rule EF.12
2022-12-04 03:27:26 +0000: Memory Usage (780248K) : Executing rule EF.13
2022-12-04 03:27:26 +0000: Memory Usage (780248K) : Executing rule EF.14
2022-12-04 03:27:26 +0000: Memory Usage (780248K) : Executing rule EF.15
2022-12-04 03:27:26 +0000: Memory Usage (780248K) : Executing rule EF.16a
2022-12-04 03:27:26 +0000: Memory Usage (780248K) : Executing rule EF.16b
2022-12-04 03:27:26 +0000: Memory Usage (780248K) : Executing rule EF.17
2022-12-04 03:27:26 +0000: Memory Usage (780248K) : Executing rule EF.18
2022-12-04 03:27:27 +0000: Memory Usage (783020K) : Executing rule EF.19
2022-12-04 03:27:27 +0000: Memory Usage (783020K) : Executing rule EF.20
2022-12-04 03:27:28 +0000: Memory Usage (783020K) : Executing rule EF.21
2022-12-04 03:27:28 +0000: Memory Usage (783020K) : Executing rule EF.22a
2022-12-04 03:27:28 +0000: Memory Usage (783020K) : Executing rule EF.22b
2022-12-04 03:27:28 +0000: Memory Usage (783020K) : Executing rule MDN.1
2022-12-04 03:27:28 +0000: Memory Usage (783020K) : CONNECTIVITY_RULES section
2022-12-04 03:27:28 +0000: Memory Usage (783020K) : Executing rule MDN.2a
2022-12-04 03:27:28 +0000: Memory Usage (783020K) : Executing rule MDN.2b
2022-12-04 03:27:28 +0000: Memory Usage (785492K) : Executing rule MDN.3a
2022-12-04 03:27:28 +0000: Memory Usage (785492K) : Executing rule MDN.3b
2022-12-04 03:27:28 +0000: Memory Usage (785492K) : Executing rule MDN.4a
2022-12-04 03:27:29 +0000: Memory Usage (785492K) : Executing rule MDN.4b
2022-12-04 03:27:29 +0000: Memory Usage (785492K) : Executing rule MDN.5ai
2022-12-04 03:27:29 +0000: Memory Usage (785492K) : Executing rule MDN.5aii
2022-12-04 03:27:29 +0000: Memory Usage (785492K) : Executing rule MDN.5b
2022-12-04 03:27:29 +0000: Memory Usage (785492K) : Executing rule MDN.5c
2022-12-04 03:27:29 +0000: Memory Usage (785492K) : Executing rule MDN.6
2022-12-04 03:27:30 +0000: Memory Usage (785492K) : Executing rule MDN.6a
2022-12-04 03:27:30 +0000: Memory Usage (785492K) : Executing rule MDN.7
2022-12-04 03:27:30 +0000: Memory Usage (785492K) : Executing rule MDN.7a
2022-12-04 03:27:30 +0000: Memory Usage (785492K) : CONNECTIVITY_RULES section
2022-12-04 03:27:30 +0000: Memory Usage (785492K) : Executing rule MDN.8a
2022-12-04 03:27:30 +0000: Memory Usage (785492K) : Executing rule MDN.8b
2022-12-04 03:27:30 +0000: Memory Usage (785492K) : Executing rule MDN.9
2022-12-04 03:27:31 +0000: Memory Usage (785492K) : Executing rule MDN.10a
2022-12-04 03:27:31 +0000: Memory Usage (785492K) : Executing rule MDN.10b
2022-12-04 03:27:31 +0000: Memory Usage (785492K) : Executing rule MDN.10c
2022-12-04 03:27:32 +0000: Memory Usage (790808K) : Executing rule MDN.10d
2022-12-04 03:27:32 +0000: Memory Usage (790808K) : Executing rule MDN.10ei
2022-12-04 03:27:32 +0000: Memory Usage (792692K) : Executing rule MDN.10eii
2022-12-04 03:27:33 +0000: Memory Usage (793064K) : Executing rule MDN.10f
2022-12-04 03:27:33 +0000: Memory Usage (804316K) : Executing rule MDN.11
2022-12-04 03:27:33 +0000: Memory Usage (806248K) : Executing rule MDN.12
2022-12-04 03:27:33 +0000: Memory Usage (806248K) : Executing rule MDN.13a
2022-12-04 03:27:34 +0000: Memory Usage (806248K) : Executing rule MDN.13b
2022-12-04 03:27:34 +0000: Memory Usage (806248K) : Executing rule MDN.13c
2022-12-04 03:27:35 +0000: Memory Usage (813980K) : Executing rule MDN.13d
2022-12-04 03:27:35 +0000: Memory Usage (813980K) : Executing rule MDN.14
2022-12-04 03:27:35 +0000: Memory Usage (813980K) : Executing rule MDN.15a
2022-12-04 03:27:35 +0000: Memory Usage (813980K) : Executing rule MDN.15b
2022-12-04 03:27:35 +0000: Memory Usage (813980K) : Executing rule MDN.17
2022-12-04 03:27:36 +0000: Memory Usage (813980K) : Executing rule MDP.1
2022-12-04 03:27:36 +0000: Memory Usage (826320K) : Executing rule MDP.1a
2022-12-04 03:28:10 +0000: Memory Usage (993488K) : Executing rule MDP.2
2022-12-04 03:28:11 +0000: Memory Usage (993488K) : Executing rule MDP.3
2022-12-04 03:28:11 +0000: Memory Usage (993488K) : Executing rule MDP.3ai
2022-12-04 03:28:11 +0000: Memory Usage (993488K) : Executing rule MDP.3aii
2022-12-04 03:28:11 +0000: Memory Usage (993488K) : Executing rule MDP.3b
2022-12-04 03:28:11 +0000: Memory Usage (993488K) : Executing rule MDP.3c
2022-12-04 03:28:12 +0000: Memory Usage (993488K) : Executing rule MDP.3d
2022-12-04 03:28:12 +0000: Memory Usage (993488K) : Executing rule MDP.4
2022-12-04 03:28:12 +0000: Memory Usage (993488K) : Executing rule MDP.4a
2022-12-04 03:28:13 +0000: Memory Usage (993488K) : Executing rule MDP.4b
2022-12-04 03:28:13 +0000: Memory Usage (993488K) : Executing rule MDP.5
2022-12-04 03:28:13 +0000: Memory Usage (993488K) : Executing rule MDP.5a
2022-12-04 03:28:13 +0000: Memory Usage (993488K) : Executing rule MDP.6
2022-12-04 03:28:13 +0000: Memory Usage (993488K) : Executing rule MDP.6a
2022-12-04 03:28:14 +0000: Memory Usage (993488K) : Executing rule MDP.7
2022-12-04 03:28:14 +0000: Memory Usage (993488K) : Executing rule MDP.8
2022-12-04 03:28:14 +0000: Memory Usage (993488K) : Executing rule MDP.9a
2022-12-04 03:28:14 +0000: Memory Usage (993488K) : Executing rule MDP.9b
2022-12-04 03:28:14 +0000: Memory Usage (993488K) : Executing rule MDP.9c
2022-12-04 03:28:14 +0000: Memory Usage (993488K) : Executing rule MDP.9d
2022-12-04 03:28:16 +0000: Memory Usage (995700K) : Executing rule MDP.9ei
2022-12-04 03:28:16 +0000: Memory Usage (1000912K) : Executing rule MDP.9eii
2022-12-04 03:28:16 +0000: Memory Usage (1000912K) : Executing rule MDP.9f
2022-12-04 03:28:16 +0000: Memory Usage (1004256K) : Executing rule MDP.10
2022-12-04 03:28:17 +0000: Memory Usage (1004256K) : CONNECTIVITY_RULES section
2022-12-04 03:28:17 +0000: Memory Usage (1004256K) : Executing rule MDP.10a
2022-12-04 03:28:17 +0000: Memory Usage (1004256K) : Executing rule MDP.10b
2022-12-04 03:28:17 +0000: Memory Usage (1004256K) : Executing rule MDP.11
2022-12-04 03:28:17 +0000: Memory Usage (1004256K) : Executing rule MDP.12
2022-12-04 03:28:17 +0000: Memory Usage (1008056K) : Executing rule MDP.13a
2022-12-04 03:28:18 +0000: Memory Usage (1010076K) : Executing rule MDP.13b
2022-12-04 03:28:18 +0000: Memory Usage (1010076K) : Executing rule MDP.13c
2022-12-04 03:28:18 +0000: Memory Usage (1016948K) : Executing rule MDP.15
2022-12-04 03:28:18 +0000: Memory Usage (1016948K) : Executing rule MDP.16a
2022-12-04 03:28:18 +0000: Memory Usage (1016948K) : Executing rule MDP.16b
2022-12-04 03:28:19 +0000: Memory Usage (1016948K) : Executing rule MDP.17a
2022-12-04 03:28:19 +0000: Memory Usage (1016948K) : Executing rule MDP.17c
2022-12-04 03:28:19 +0000: Memory Usage (1016948K) : Executing rule Y.NW.2b_3.3V
2022-12-04 03:28:19 +0000: Memory Usage (1016948K) : Executing rule Y.NW.2b_5V
2022-12-04 03:28:19 +0000: Memory Usage (1016948K) : Executing rule Y.DF.6_5V
2022-12-04 03:28:19 +0000: Memory Usage (1016948K) : Executing rule Y.DF.16_3.3V
2022-12-04 03:28:19 +0000: Memory Usage (1016948K) : Executing rule Y.DF.16_5V
2022-12-04 03:28:20 +0000: Memory Usage (1016948K) : Executing rule Y.PL.1_3.3V
2022-12-04 03:28:20 +0000: Memory Usage (1016948K) : Executing rule Y.PL.1_5V
2022-12-04 03:28:20 +0000: Memory Usage (1016948K) : Executing rule Y.PL.2_3.3V
2022-12-04 03:28:20 +0000: Memory Usage (1018696K) : Executing rule Y.PL.2_5V
2022-12-04 03:28:21 +0000: Memory Usage (1022288K) : Executing rule Y.PL.4_5V
2022-12-04 03:28:21 +0000: Memory Usage (1022288K) : Executing rule Y.PL.5a_3.3V
2022-12-04 03:28:21 +0000: Memory Usage (1022288K) : Executing rule Y.PL.5a_5V
2022-12-04 03:28:21 +0000: Memory Usage (1022288K) : Executing rule Y.PL.5b_3.3V
2022-12-04 03:28:21 +0000: Memory Usage (1022288K) : Executing rule Y.PL.5b_5V
2022-12-04 03:28:21 +0000: Memory Usage (1022288K) : Executing rule S.DF.4c_MV
2022-12-04 03:28:22 +0000: Memory Usage (1022288K) : Executing rule S.DF.6_MV
2022-12-04 03:28:22 +0000: Memory Usage (1022288K) : Executing rule S.DF.7_MV
2022-12-04 03:28:22 +0000: Memory Usage (1022288K) : Executing rule S.DF.8_MV
2022-12-04 03:28:22 +0000: Memory Usage (1022288K) : Executing rule S.DF.16_MV
2022-12-04 03:28:22 +0000: Memory Usage (1026128K) : Executing rule S.PL.5a_MV
2022-12-04 03:28:23 +0000: Memory Usage (1026128K) : Executing rule S.PL.5b_MV
2022-12-04 03:28:23 +0000: Memory Usage (1026128K) : Executing rule S.CO.4_MV
2022-12-04 03:28:23 +0000: Memory Usage (1026128K) : Executing rule S.DF.4c_LV
2022-12-04 03:28:23 +0000: Memory Usage (1026128K) : Executing rule S.DF.16_LV
2022-12-04 03:28:23 +0000: Memory Usage (1029260K) : Executing rule S.CO.3_LV
2022-12-04 03:28:24 +0000: Memory Usage (1029260K) : Executing rule S.CO.4_LV
2022-12-04 03:28:24 +0000: Memory Usage (1029260K) : Executing rule S.CO.6_ii_LV
2022-12-04 03:28:24 +0000: Memory Usage (1029260K) : Executing rule S.M1.1_LV
2022-12-04 03:28:24 +0000: Memory Usage (1029260K) : OFFGRID-ANGLES section
2022-12-04 03:28:24 +0000: Memory Usage (1029260K) : Executing rule comp_OFFGRID
2022-12-04 03:28:24 +0000: Memory Usage (1029260K) : Executing rule dnwell_OFFGRID
2022-12-04 03:28:24 +0000: Memory Usage (1029260K) : Executing rule nwell_OFFGRID
2022-12-04 03:28:24 +0000: Memory Usage (1029260K) : Executing rule lvpwell_OFFGRID
2022-12-04 03:28:24 +0000: Memory Usage (1029260K) : Executing rule dualgate_OFFGRID
2022-12-04 03:28:24 +0000: Memory Usage (1029260K) : Executing rule poly2_OFFGRID
2022-12-04 03:28:25 +0000: Memory Usage (1029260K) : Executing rule nplus_OFFGRID
2022-12-04 03:28:25 +0000: Memory Usage (1029260K) : Executing rule pplus_OFFGRID
2022-12-04 03:28:25 +0000: Memory Usage (1029260K) : Executing rule sab_OFFGRID
2022-12-04 03:28:25 +0000: Memory Usage (1029260K) : Executing rule esd_OFFGRID
2022-12-04 03:28:25 +0000: Memory Usage (1029260K) : Executing rule contact_OFFGRID
2022-12-04 03:28:25 +0000: Memory Usage (1029260K) : Executing rule metal1_OFFGRID
2022-12-04 03:28:25 +0000: Memory Usage (1029260K) : Executing rule via1_OFFGRID
2022-12-04 03:28:25 +0000: Memory Usage (1029260K) : Executing rule metal2_OFFGRID
2022-12-04 03:28:25 +0000: Memory Usage (1029260K) : Executing rule via2_OFFGRID
2022-12-04 03:28:25 +0000: Memory Usage (1029260K) : Executing rule metal3_OFFGRID
2022-12-04 03:28:25 +0000: Memory Usage (1029260K) : Executing rule via3_OFFGRID
2022-12-04 03:28:25 +0000: Memory Usage (1029260K) : Executing rule metal4_OFFGRID
2022-12-04 03:28:26 +0000: Memory Usage (1029260K) : Executing rule via4_OFFGRID
2022-12-04 03:28:26 +0000: Memory Usage (1029260K) : Executing rule metal5_OFFGRID
2022-12-04 03:28:26 +0000: Memory Usage (1029260K) : Executing rule via5_OFFGRID
2022-12-04 03:28:26 +0000: Memory Usage (1029260K) : Executing rule metaltop_OFFGRID
2022-12-04 03:28:26 +0000: Memory Usage (1029260K) : Executing rule pad_OFFGRID
2022-12-04 03:28:26 +0000: Memory Usage (1029260K) : Executing rule resistor_OFFGRID
2022-12-04 03:28:26 +0000: Memory Usage (1029260K) : Executing rule fhres_OFFGRID
2022-12-04 03:28:26 +0000: Memory Usage (1029260K) : Executing rule fusetop_OFFGRID
2022-12-04 03:28:26 +0000: Memory Usage (1029260K) : Executing rule fusewindow_d_OFFGRID
2022-12-04 03:28:26 +0000: Memory Usage (1029260K) : Executing rule polyfuse_OFFGRID
2022-12-04 03:28:26 +0000: Memory Usage (1029260K) : Executing rule mvsd_OFFGRID
2022-12-04 03:28:26 +0000: Memory Usage (1029260K) : Executing rule mvpsd_OFFGRID
2022-12-04 03:28:26 +0000: Memory Usage (1029260K) : Executing rule nat_OFFGRID
2022-12-04 03:28:26 +0000: Memory Usage (1029260K) : Executing rule comp_dummy_OFFGRID
2022-12-04 03:28:27 +0000: Memory Usage (1029260K) : Executing rule poly2_dummy_OFFGRID
2022-12-04 03:28:27 +0000: Memory Usage (1029260K) : Executing rule metal1_dummy_OFFGRID
2022-12-04 03:28:27 +0000: Memory Usage (1029260K) : Executing rule metal2_dummy_OFFGRID
2022-12-04 03:28:27 +0000: Memory Usage (1029260K) : Executing rule metal3_dummy_OFFGRID
2022-12-04 03:28:27 +0000: Memory Usage (1029260K) : Executing rule metal4_dummy_OFFGRID
2022-12-04 03:28:27 +0000: Memory Usage (1029260K) : Executing rule metal5_dummy_OFFGRID
2022-12-04 03:28:27 +0000: Memory Usage (1029260K) : Executing rule metaltop_dummy_OFFGRID
2022-12-04 03:28:27 +0000: Memory Usage (1029260K) : Executing rule comp_label_OFFGRID
2022-12-04 03:28:27 +0000: Memory Usage (1029260K) : Executing rule poly2_label_OFFGRID
2022-12-04 03:28:27 +0000: Memory Usage (1029260K) : Executing rule metal1_label_OFFGRID
2022-12-04 03:28:27 +0000: Memory Usage (1029260K) : Executing rule metal2_label_OFFGRID
2022-12-04 03:28:27 +0000: Memory Usage (1029260K) : Executing rule metal3_label_OFFGRID
2022-12-04 03:28:27 +0000: Memory Usage (1029260K) : Executing rule metal4_label_OFFGRID
2022-12-04 03:28:27 +0000: Memory Usage (1029260K) : Executing rule metal5_label_OFFGRID
2022-12-04 03:28:28 +0000: Memory Usage (1029260K) : Executing rule metaltop_label_OFFGRID
2022-12-04 03:28:28 +0000: Memory Usage (1029260K) : Executing rule metal1_slot_OFFGRID
2022-12-04 03:28:28 +0000: Memory Usage (1029260K) : Executing rule metal2_slot_OFFGRID
2022-12-04 03:28:28 +0000: Memory Usage (1029260K) : Executing rule metal3_slot_OFFGRID
2022-12-04 03:28:28 +0000: Memory Usage (1029260K) : Executing rule metal4_slot_OFFGRID
2022-12-04 03:28:28 +0000: Memory Usage (1029260K) : Executing rule metal5_slot_OFFGRID
2022-12-04 03:28:28 +0000: Memory Usage (1029260K) : Executing rule metaltop_slot_OFFGRID
2022-12-04 03:28:28 +0000: Memory Usage (1029260K) : Executing rule ubmpperi_OFFGRID
2022-12-04 03:28:28 +0000: Memory Usage (1029260K) : Executing rule ubmparray_OFFGRID
2022-12-04 03:28:28 +0000: Memory Usage (1029260K) : Executing rule ubmeplate_OFFGRID
2022-12-04 03:28:28 +0000: Memory Usage (1029260K) : Executing rule schottky_diode_OFFGRID
2022-12-04 03:28:28 +0000: Memory Usage (1029260K) : Executing rule zener_OFFGRID
2022-12-04 03:28:28 +0000: Memory Usage (1029260K) : Executing rule res_mk_OFFGRID
2022-12-04 03:28:28 +0000: Memory Usage (1029260K) : Executing rule opc_drc_OFFGRID
2022-12-04 03:28:29 +0000: Memory Usage (1029260K) : Executing rule ndmy_OFFGRID
2022-12-04 03:28:29 +0000: Memory Usage (1029260K) : Executing rule pmndmy_OFFGRID
2022-12-04 03:28:29 +0000: Memory Usage (1029260K) : Executing rule v5_xtor_OFFGRID
2022-12-04 03:28:29 +0000: Memory Usage (1029260K) : Executing rule cap_mk_OFFGRID
2022-12-04 03:28:29 +0000: Memory Usage (1029260K) : Executing rule mos_cap_mk_OFFGRID
2022-12-04 03:28:29 +0000: Memory Usage (1029260K) : Executing rule ind_mk_OFFGRID
2022-12-04 03:28:29 +0000: Memory Usage (1029260K) : Executing rule diode_mk_OFFGRID
2022-12-04 03:28:29 +0000: Memory Usage (1029260K) : Executing rule drc_bjt_OFFGRID
2022-12-04 03:28:29 +0000: Memory Usage (1029260K) : Executing rule lvs_bjt_OFFGRID
2022-12-04 03:28:29 +0000: Memory Usage (1029260K) : Executing rule mim_l_mk_OFFGRID
2022-12-04 03:28:29 +0000: Memory Usage (1029260K) : Executing rule latchup_mk_OFFGRID
2022-12-04 03:28:29 +0000: Memory Usage (1029260K) : Executing rule guard_ring_mk_OFFGRID
2022-12-04 03:28:29 +0000: Memory Usage (1029260K) : Executing rule otp_mk_OFFGRID
2022-12-04 03:28:30 +0000: Memory Usage (1029260K) : Executing rule mtpmark_OFFGRID
2022-12-04 03:28:30 +0000: Memory Usage (1029260K) : Executing rule neo_ee_mk_OFFGRID
2022-12-04 03:28:30 +0000: Memory Usage (1029260K) : Executing rule sramcore_OFFGRID
2022-12-04 03:28:30 +0000: Memory Usage (1029260K) : Executing rule lvs_rf_OFFGRID
2022-12-04 03:28:30 +0000: Memory Usage (1029260K) : Executing rule lvs_drain_OFFGRID
2022-12-04 03:28:30 +0000: Memory Usage (1029260K) : Executing rule hvpolyrs_OFFGRID
2022-12-04 03:28:30 +0000: Memory Usage (1029260K) : Executing rule lvs_io_OFFGRID
2022-12-04 03:28:30 +0000: Memory Usage (1029260K) : Executing rule probe_mk_OFFGRID
2022-12-04 03:28:30 +0000: Memory Usage (1029260K) : Executing rule esd_mk_OFFGRID
2022-12-04 03:28:30 +0000: Memory Usage (1029260K) : Executing rule lvs_source_OFFGRID
2022-12-04 03:28:30 +0000: Memory Usage (1029260K) : Executing rule well_diode_mk_OFFGRID
2022-12-04 03:28:31 +0000: Memory Usage (1029260K) : Executing rule ldmos_xtor_OFFGRID
2022-12-04 03:28:31 +0000: Memory Usage (1029260K) : Executing rule plfuse_OFFGRID
2022-12-04 03:28:31 +0000: Memory Usage (1029260K) : Executing rule efuse_mk_OFFGRID
2022-12-04 03:28:31 +0000: Memory Usage (1029260K) : Executing rule mcell_feol_mk_OFFGRID
2022-12-04 03:28:31 +0000: Memory Usage (1029260K) : Executing rule ymtp_mk_OFFGRID
2022-12-04 03:28:31 +0000: Memory Usage (1029260K) : Executing rule dev_wf_mk_OFFGRID
2022-12-04 03:28:31 +0000: Memory Usage (1029260K) : Executing rule metal1_blk_OFFGRID
2022-12-04 03:28:31 +0000: Memory Usage (1029260K) : Executing rule metal2_blk_OFFGRID
2022-12-04 03:28:31 +0000: Memory Usage (1029260K) : Executing rule metal3_blk_OFFGRID
2022-12-04 03:28:31 +0000: Memory Usage (1029260K) : Executing rule metal4_blk_OFFGRID
2022-12-04 03:28:31 +0000: Memory Usage (1029260K) : Executing rule metal5_blk_OFFGRID
2022-12-04 03:28:31 +0000: Memory Usage (1029260K) : Executing rule metalt_blk_OFFGRID
2022-12-04 03:28:31 +0000: Memory Usage (1029260K) : Executing rule pr_bndry_OFFGRID
2022-12-04 03:28:32 +0000: Memory Usage (1029260K) : Executing rule mdiode_OFFGRID
2022-12-04 03:28:32 +0000: Memory Usage (1029260K) : Executing rule metal1_res_OFFGRID
2022-12-04 03:28:32 +0000: Memory Usage (1029260K) : Executing rule metal2_res_OFFGRID
2022-12-04 03:28:32 +0000: Memory Usage (1029260K) : Executing rule metal3_res_OFFGRID
2022-12-04 03:28:32 +0000: Memory Usage (1029260K) : Executing rule metal4_res_OFFGRID
2022-12-04 03:28:32 +0000: Memory Usage (1029260K) : Executing rule metal5_res_OFFGRID
2022-12-04 03:28:32 +0000: Memory Usage (1029260K) : Executing rule metal6_res_OFFGRID
2022-12-04 03:28:32 +0000: Memory Usage (1029260K) : Executing rule border_OFFGRID
VmPeak:	 1149460 kB
VmHWM:	  823132 kB
2022-12-04 03:28:32 +0000: Memory Usage (1029260K) : DRC Total Run time 108.902945 seconds
