2022-12-05 00:42:37 +0000: Memory Usage (540944K) : Starting running GF180MCU Klayout DRC runset on /root/gf180-demo/caravel_user_project/gds/user_project_wrapper.gds
2022-12-05 00:42:37 +0000: Memory Usage (540944K) : Ruby Version for klayout: 2.0.0
2022-12-05 00:42:37 +0000: Memory Usage (553428K) : Loading database to memory is complete.
2022-12-05 00:42:37 +0000: Memory Usage (553428K) : GF180MCU Klayout DRC runset output at: /root/gf180-demo/caravel_user_project/precheck_results/05_DEC_2022___00_42_11/outputs/reports/klayout_feol_check.xml
2022-12-05 00:42:37 +0000: Memory Usage (553428K) : Number of threads to use 4
2022-12-05 00:42:37 +0000: Memory Usage (553428K) : flat  mode is enabled.
2022-12-05 00:42:37 +0000: Memory Usage (553428K) : Read in polygons from layers.
2022-12-05 00:42:46 +0000: Memory Usage (695692K) : Starting deriving base layers.
2022-12-05 00:42:50 +0000: Memory Usage (819312K) : Evaluate switches.
2022-12-05 00:42:50 +0000: Memory Usage (819312K) : FEOL is enabled.
2022-12-05 00:42:50 +0000: Memory Usage (819312K) : BEOL is disabled.
2022-12-05 00:42:50 +0000: Memory Usage (819312K) : connectivity rules are enabled.
2022-12-05 00:42:50 +0000: Memory Usage (819312K) : METAL_TOP Selected is 9K
2022-12-05 00:42:50 +0000: Memory Usage (819312K) : METAL_STACK Selected is 5LM
2022-12-05 00:42:50 +0000: Memory Usage (819312K) : Wedge enabled  true
2022-12-05 00:42:50 +0000: Memory Usage (819312K) : Ball enabled  true
2022-12-05 00:42:50 +0000: Memory Usage (819312K) : Gold enabled  true
2022-12-05 00:42:50 +0000: Memory Usage (819312K) : MIM Option selected B
/root/mpw_precheck/checks/tech-files/gf180mcuC_mr.drc:543: warning: already initialized constant DRC::DRCEngine::OFFGRID
/root/mpw_precheck/checks/tech-files/gf180mcuC_mr.drc:463: warning: previous definition of OFFGRID was here
2022-12-05 00:42:50 +0000: Memory Usage (819312K) : Offgrid enabled  true
2022-12-05 00:42:50 +0000: Memory Usage (819312K) : Construct connectivity for the design.
2022-12-05 00:42:54 +0000: Memory Usage (819312K) : Connectivity rules enabled, Netlist object will be generated.
2022-12-05 00:43:03 +0000: Memory Usage (941320K) : Total area of the design is 8997120.228799999 um^2.
2022-12-05 00:43:04 +0000: Memory Usage (941320K) : Total no. of polygons in the design is 951779
2022-12-05 00:43:04 +0000: Memory Usage (941320K) : Initialization and base layers definition.
2022-12-05 00:43:04 +0000: Memory Usage (941320K) : Starting GF180MCU DRC rules.
2022-12-05 00:43:04 +0000: Memory Usage (941320K) : FEOL section
2022-12-05 00:43:04 +0000: Memory Usage (941320K) : Executing rule DN.1
2022-12-05 00:43:04 +0000: Memory Usage (941320K) : CONNECTIVITY_RULES section
2022-12-05 00:43:04 +0000: Memory Usage (941320K) : Executing rule DN.2a
2022-12-05 00:43:04 +0000: Memory Usage (941320K) : Executing rule DN.2b
2022-12-05 00:43:04 +0000: Memory Usage (941320K) : Executing rule DN.3
2022-12-05 00:43:04 +0000: Memory Usage (941320K) : Executing rule LPW.1_3.3V
2022-12-05 00:43:04 +0000: Memory Usage (941320K) : Executing rule LPW.1_5V
2022-12-05 00:43:04 +0000: Memory Usage (941320K) : CONNECTIVITY_RULES section
2022-12-05 00:43:04 +0000: Memory Usage (941320K) : Executing rule LPW.2a_3.3V
2022-12-05 00:43:04 +0000: Memory Usage (941320K) : Executing rule LPW.2a_5V
2022-12-05 00:43:04 +0000: Memory Usage (941320K) : Executing rule LPW.2b_3.3V
2022-12-05 00:43:05 +0000: Memory Usage (941320K) : Executing rule LPW.2b_5V
2022-12-05 00:43:05 +0000: Memory Usage (941320K) : Executing rule LPW.3_3.3V
2022-12-05 00:43:05 +0000: Memory Usage (941320K) : Executing rule LPW.3_5V
2022-12-05 00:43:05 +0000: Memory Usage (941320K) : Executing rule LPW.5_3.3V
2022-12-05 00:43:05 +0000: Memory Usage (941320K) : Executing rule LPW.5_5V
2022-12-05 00:43:05 +0000: Memory Usage (941320K) : Executing rule LPW.11
2022-12-05 00:43:05 +0000: Memory Usage (941320K) : Executing rule LPW.12
2022-12-05 00:43:05 +0000: Memory Usage (941320K) : Executing rule NW.1a_3.3V
2022-12-05 00:43:05 +0000: Memory Usage (941320K) : Executing rule NW.1a_5V
2022-12-05 00:43:05 +0000: Memory Usage (941320K) : Executing rule NW.1b_3.3V
2022-12-05 00:43:05 +0000: Memory Usage (941320K) : Executing rule NW.1b_5V
2022-12-05 00:43:05 +0000: Memory Usage (941320K) : CONNECTIVITY_RULES section
2022-12-05 00:43:06 +0000: Memory Usage (941320K) : Executing rule NW.2a_3.3V
2022-12-05 00:43:06 +0000: Memory Usage (941320K) : Executing rule NW.2a_5V
2022-12-05 00:43:06 +0000: Memory Usage (941320K) : Executing rule NW.2b_3.3V
2022-12-05 00:43:06 +0000: Memory Usage (941320K) : Executing rule NW.2b_5V
2022-12-05 00:43:06 +0000: Memory Usage (941320K) : Executing rule NW.3_3.3V
2022-12-05 00:43:06 +0000: Memory Usage (941320K) : Executing rule NW.3_5V
2022-12-05 00:43:06 +0000: Memory Usage (941320K) : Executing rule NW.4_3.3V
2022-12-05 00:43:06 +0000: Memory Usage (941320K) : Executing rule NW.4_5V
2022-12-05 00:43:06 +0000: Memory Usage (941320K) : Executing rule NW.5_3.3V
2022-12-05 00:43:06 +0000: Memory Usage (941320K) : Executing rule NW.5_5V
2022-12-05 00:43:06 +0000: Memory Usage (941320K) : Executing rule NW.6
2022-12-05 00:43:06 +0000: Memory Usage (941320K) : Executing rule DF.1a_3.3V
2022-12-05 00:43:06 +0000: Memory Usage (941320K) : Executing rule DF.1a_5V
2022-12-05 00:43:07 +0000: Memory Usage (941320K) : Executing rule DF.1c_3.3V
2022-12-05 00:43:07 +0000: Memory Usage (941320K) : Executing rule DF.1c_5V
2022-12-05 00:43:13 +0000: Memory Usage (941320K) : Executing rule DF.2a_3.3V
2022-12-05 00:43:13 +0000: Memory Usage (941320K) : Executing rule DF.2a_5V
2022-12-05 00:43:14 +0000: Memory Usage (941320K) : Executing rule DF.2b_3.3V
2022-12-05 00:43:16 +0000: Memory Usage (1028780K) : Executing rule DF.2b_5V
2022-12-05 00:43:18 +0000: Memory Usage (1039968K) : Executing rule DF.3a_3.3V
2022-12-05 00:43:18 +0000: Memory Usage (1039968K) : Executing rule DF.3a_5V
2022-12-05 00:43:20 +0000: Memory Usage (1039968K) : Executing rule DF.3b_3.3V
2022-12-05 00:43:21 +0000: Memory Usage (1039968K) : Executing rule DF.3b_5V
2022-12-05 00:43:21 +0000: Memory Usage (1039968K) : Executing rule DF.3c_3.3V
2022-12-05 00:43:21 +0000: Memory Usage (1039968K) : Executing rule DF.3c_5V
2022-12-05 00:43:21 +0000: Memory Usage (1039968K) : Executing rule DF.4a_3.3V
2022-12-05 00:43:21 +0000: Memory Usage (1039968K) : Executing rule DF.4a_5V
2022-12-05 00:43:22 +0000: Memory Usage (1039968K) : Executing rule DF.4b_3.3V
2022-12-05 00:43:23 +0000: Memory Usage (1039968K) : Executing rule DF.4b_5V
2022-12-05 00:43:24 +0000: Memory Usage (1039968K) : Executing rule DF.4c_3.3V
2022-12-05 00:43:25 +0000: Memory Usage (1039968K) : Executing rule DF.4c_5V
2022-12-05 00:43:26 +0000: Memory Usage (1039968K) : Executing rule DF.4d_3.3V
2022-12-05 00:43:26 +0000: Memory Usage (1039968K) : Executing rule DF.4d_5V
2022-12-05 00:43:26 +0000: Memory Usage (1039968K) : Executing rule DF.4e_3.3V
2022-12-05 00:43:27 +0000: Memory Usage (1039968K) : Executing rule DF.4e_5V
2022-12-05 00:43:27 +0000: Memory Usage (1039968K) : Executing rule DF.5_3.3V
2022-12-05 00:43:27 +0000: Memory Usage (1056684K) : Executing rule DF.5_5V
2022-12-05 00:43:28 +0000: Memory Usage (1057364K) : Executing rule DF.6_3.3V
2022-12-05 00:43:28 +0000: Memory Usage (1084736K) : Executing rule DF.6_5V
2022-12-05 00:43:29 +0000: Memory Usage (1143056K) : Executing rule DF.7_3.3V
2022-12-05 00:43:29 +0000: Memory Usage (1143056K) : Executing rule DF.7_5V
2022-12-05 00:43:29 +0000: Memory Usage (1143056K) : Executing rule DF.8_3.3V
2022-12-05 00:43:30 +0000: Memory Usage (1143056K) : Executing rule DF.8_5V
2022-12-05 00:43:30 +0000: Memory Usage (1143056K) : Executing rule DF.9_3.3V
2022-12-05 00:43:30 +0000: Memory Usage (1143056K) : Executing rule DF.9_5V
2022-12-05 00:43:30 +0000: Memory Usage (1143056K) : Executing rule DF.10_3.3V
2022-12-05 00:43:30 +0000: Memory Usage (1143056K) : Executing rule DF.10_5V
2022-12-05 00:43:30 +0000: Memory Usage (1143056K) : Executing rule DF.11_3.3V
2022-12-05 00:43:30 +0000: Memory Usage (1143056K) : Executing rule DF.11_5V
2022-12-05 00:43:30 +0000: Memory Usage (1143056K) : Executing rule DF.12_3.3V
2022-12-05 00:43:31 +0000: Memory Usage (1199292K) : Executing rule DF.12_5V
2022-12-05 00:43:33 +0000: Memory Usage (1211084K) : Executing rule DF.13_3.3V
2022-12-05 00:43:42 +0000: Memory Usage (1181664K) : Executing rule DF.13_5V
2022-12-05 00:43:47 +0000: Memory Usage (1179976K) : Executing rule DF.14_3.3V
2022-12-05 00:43:57 +0000: Memory Usage (1190364K) : Executing rule DF.14_5V
2022-12-05 00:44:04 +0000: Memory Usage (1214976K) : Executing rule DF.16_3.3V
2022-12-05 00:44:04 +0000: Memory Usage (1214976K) : Executing rule DF.16_5V
2022-12-05 00:44:04 +0000: Memory Usage (1232556K) : Executing rule DF.17_3.3V
2022-12-05 00:44:04 +0000: Memory Usage (1232556K) : Executing rule DF.17_5V
2022-12-05 00:44:05 +0000: Memory Usage (1232556K) : Executing rule DF.18_3.3V
2022-12-05 00:44:05 +0000: Memory Usage (1232556K) : Executing rule DF.18_5V
2022-12-05 00:44:05 +0000: Memory Usage (1232556K) : Executing rule DF.19_3.3V
2022-12-05 00:44:05 +0000: Memory Usage (1232556K) : Executing rule DF.19_5V
2022-12-05 00:44:05 +0000: Memory Usage (1232556K) : Executing rule DV.1
2022-12-05 00:44:05 +0000: Memory Usage (1232556K) : Executing rule DV.2
2022-12-05 00:44:05 +0000: Memory Usage (1232556K) : Executing rule DV.3
2022-12-05 00:44:06 +0000: Memory Usage (1263828K) : Executing rule DV.5
2022-12-05 00:44:06 +0000: Memory Usage (1263828K) : Executing rule DV.6
2022-12-05 00:44:08 +0000: Memory Usage (1277016K) : Executing rule DV.7
2022-12-05 00:44:10 +0000: Memory Usage (1293448K) : Executing rule DV.8
2022-12-05 00:44:14 +0000: Memory Usage (1293448K) : Executing rule DV.9
2022-12-05 00:44:15 +0000: Memory Usage (1293448K) : Executing rule PL.1_3.3V
2022-12-05 00:44:15 +0000: Memory Usage (1293448K) : Executing rule PL.1_5V
2022-12-05 00:44:15 +0000: Memory Usage (1293448K) : Executing rule PL.1a_3.3V
2022-12-05 00:44:15 +0000: Memory Usage (1293448K) : Executing rule PL.1a_5V
2022-12-05 00:44:15 +0000: Memory Usage (1293448K) : Executing rule PL.2_3.3V
2022-12-05 00:44:36 +0000: Memory Usage (1507172K) : Executing rule PL.2_5V
2022-12-05 00:44:36 +0000: Memory Usage (1507172K) : Executing rule PL.3a_3.3V
2022-12-05 00:44:39 +0000: Memory Usage (1544688K) : Executing rule PL.3a_5V
2022-12-05 00:44:42 +0000: Memory Usage (1619712K) : Executing rule PL.4_3.3V
2022-12-05 00:44:43 +0000: Memory Usage (1676264K) : Executing rule PL.4_5V
2022-12-05 00:44:43 +0000: Memory Usage (1687748K) : Executing rule PL.5a_3.3V
2022-12-05 00:44:44 +0000: Memory Usage (1687748K) : Executing rule PL.5a_5V
2022-12-05 00:44:45 +0000: Memory Usage (1698836K) : Executing rule PL.5b_3.3V
2022-12-05 00:44:46 +0000: Memory Usage (1698836K) : Executing rule PL.5b_5V
2022-12-05 00:44:51 +0000: Memory Usage (1839816K) : Executing rule PL.6
2022-12-05 00:44:59 +0000: Memory Usage (2069796K) : Executing rule PL.7_3.3V
2022-12-05 00:44:59 +0000: Memory Usage (2069796K) : Executing rule PL.7_5V
2022-12-05 00:44:59 +0000: Memory Usage (2069796K) : Executing rule PL.9
2022-12-05 00:44:59 +0000: Memory Usage (2083464K) : Executing rule PL.11
2022-12-05 00:44:59 +0000: Memory Usage (2083464K) : Executing rule PL.12
2022-12-05 00:45:01 +0000: Memory Usage (2140160K) : Executing rule NP.1
2022-12-05 00:45:01 +0000: Memory Usage (2140160K) : Executing rule NP.2
2022-12-05 00:45:01 +0000: Memory Usage (2140160K) : Executing rule NP.3a
2022-12-05 00:45:02 +0000: Memory Usage (2140160K) : Executing rule NP.3bi
2022-12-05 00:45:02 +0000: Memory Usage (2140160K) : Executing rule NP.3bii
2022-12-05 00:45:03 +0000: Memory Usage (2140160K) : Executing rule NP.3ci
2022-12-05 00:45:03 +0000: Memory Usage (2140160K) : Executing rule NP.3cii
2022-12-05 00:45:03 +0000: Memory Usage (2140160K) : Executing rule NP.3d
2022-12-05 00:45:04 +0000: Memory Usage (2141816K) : Executing rule NP.3e
2022-12-05 00:45:04 +0000: Memory Usage (2141816K) : Executing rule NP.4a
2022-12-05 00:45:08 +0000: Memory Usage (2206100K) : Executing rule NP.4b
2022-12-05 00:45:08 +0000: Memory Usage (2206100K) : Executing rule NP.5a
2022-12-05 00:45:09 +0000: Memory Usage (2206100K) : Executing rule NP.5b
2022-12-05 00:45:11 +0000: Memory Usage (2217032K) : Executing rule NP.5ci
2022-12-05 00:45:11 +0000: Memory Usage (2217032K) : Executing rule NP.5cii
2022-12-05 00:45:12 +0000: Memory Usage (2217032K) : Executing rule NP.5di
2022-12-05 00:45:12 +0000: Memory Usage (2217032K) : Executing rule NP.5dii
2022-12-05 00:45:12 +0000: Memory Usage (2217032K) : Executing rule NP.6
2022-12-05 00:45:15 +0000: Memory Usage (2244512K) : Executing rule NP.7
2022-12-05 00:45:15 +0000: Memory Usage (2244512K) : Executing rule NP.8a
2022-12-05 00:45:15 +0000: Memory Usage (2244512K) : Executing rule NP.8b
2022-12-05 00:45:15 +0000: Memory Usage (2244512K) : Executing rule NP.9
2022-12-05 00:45:15 +0000: Memory Usage (2244512K) : Executing rule NP.10
2022-12-05 00:45:16 +0000: Memory Usage (2244512K) : Executing rule NP.11
2022-12-05 00:45:16 +0000: Memory Usage (2244512K) : Executing rule NP.12
2022-12-05 00:45:17 +0000: Memory Usage (2244512K) : Executing rule PP.1
2022-12-05 00:45:17 +0000: Memory Usage (2244512K) : Executing rule PP.2
2022-12-05 00:45:17 +0000: Memory Usage (2244512K) : Executing rule PP.3a
2022-12-05 00:45:18 +0000: Memory Usage (2256660K) : Executing rule PP.3bi
2022-12-05 00:45:18 +0000: Memory Usage (2256660K) : Executing rule PP.3bii
2022-12-05 00:45:19 +0000: Memory Usage (2262576K) : Executing rule PP.3ci
2022-12-05 00:45:19 +0000: Memory Usage (2268252K) : Executing rule PP.3cii
2022-12-05 00:45:19 +0000: Memory Usage (2268252K) : Executing rule PP.3d
2022-12-05 00:45:19 +0000: Memory Usage (2268252K) : Executing rule PP.3e
2022-12-05 00:45:19 +0000: Memory Usage (2268252K) : Executing rule PP.4a
2022-12-05 00:45:23 +0000: Memory Usage (2347452K) : Executing rule PP.4b
2022-12-05 00:45:23 +0000: Memory Usage (2347452K) : Executing rule PP.5a
2022-12-05 00:45:24 +0000: Memory Usage (2347452K) : Executing rule PP.5b
2022-12-05 00:45:26 +0000: Memory Usage (2348124K) : Executing rule PP.5ci
2022-12-05 00:45:26 +0000: Memory Usage (2348124K) : Executing rule PP.5cii
2022-12-05 00:45:27 +0000: Memory Usage (2356316K) : Executing rule PP.5di
2022-12-05 00:45:28 +0000: Memory Usage (2370624K) : Executing rule PP.5dii
2022-12-05 00:45:28 +0000: Memory Usage (2371732K) : Executing rule PP.6
2022-12-05 00:45:29 +0000: Memory Usage (2396288K) : Executing rule PP.7
2022-12-05 00:45:29 +0000: Memory Usage (2396288K) : Executing rule PP.8a
2022-12-05 00:45:29 +0000: Memory Usage (2396288K) : Executing rule PP.8b
2022-12-05 00:45:29 +0000: Memory Usage (2396288K) : Executing rule PP.9
2022-12-05 00:45:29 +0000: Memory Usage (2396288K) : Executing rule PP.10
2022-12-05 00:45:30 +0000: Memory Usage (2396288K) : Executing rule PP.11
2022-12-05 00:45:30 +0000: Memory Usage (2396288K) : Executing rule PP.12
2022-12-05 00:45:32 +0000: Memory Usage (2404996K) : Executing rule SB.1
2022-12-05 00:45:32 +0000: Memory Usage (2404996K) : Executing rule SB.2
2022-12-05 00:45:32 +0000: Memory Usage (2404996K) : Executing rule SB.3
2022-12-05 00:45:32 +0000: Memory Usage (2404996K) : Executing rule SB.4
2022-12-05 00:45:32 +0000: Memory Usage (2404996K) : Executing rule SB.5a
2022-12-05 00:45:35 +0000: Memory Usage (2491916K) : Executing rule SB.5b
2022-12-05 00:45:35 +0000: Memory Usage (2491916K) : Executing rule SB.6
2022-12-05 00:45:35 +0000: Memory Usage (2491916K) : Executing rule SB.7
2022-12-05 00:45:35 +0000: Memory Usage (2491916K) : Executing rule SB.8
2022-12-05 00:45:35 +0000: Memory Usage (2491916K) : Executing rule SB.9
2022-12-05 00:45:35 +0000: Memory Usage (2491916K) : Executing rule SB.10
2022-12-05 00:45:35 +0000: Memory Usage (2491916K) : Executing rule SB.11
2022-12-05 00:45:35 +0000: Memory Usage (2491916K) : Executing rule SB.12
2022-12-05 00:45:36 +0000: Memory Usage (2491916K) : Executing rule SB.13
2022-12-05 00:45:36 +0000: Memory Usage (2491916K) : Executing rule SB.14a
2022-12-05 00:45:36 +0000: Memory Usage (2496520K) : Executing rule SB.14b
2022-12-05 00:45:37 +0000: Memory Usage (2502532K) : Executing rule SB.15a
2022-12-05 00:45:40 +0000: Memory Usage (2572192K) : Executing rule SB.15b
2022-12-05 00:45:40 +0000: Memory Usage (2572192K) : Executing rule SB.16
2022-12-05 00:45:40 +0000: Memory Usage (2573464K) : Executing rule ESD.1
2022-12-05 00:45:40 +0000: Memory Usage (2573464K) : Executing rule ESD.2
2022-12-05 00:45:40 +0000: Memory Usage (2573464K) : Executing rule ESD.3a
2022-12-05 00:45:41 +0000: Memory Usage (2573464K) : Executing rule ESD.3b
2022-12-05 00:45:41 +0000: Memory Usage (2573464K) : Executing rule ESD.4a
2022-12-05 00:45:41 +0000: Memory Usage (2573464K) : Executing rule ESD.4b
2022-12-05 00:45:41 +0000: Memory Usage (2573464K) : Executing rule ESD.5a
2022-12-05 00:45:41 +0000: Memory Usage (2573464K) : Executing rule ESD.5b
2022-12-05 00:45:41 +0000: Memory Usage (2573464K) : Executing rule ESD.6
2022-12-05 00:45:44 +0000: Memory Usage (2617144K) : Executing rule ESD.7
2022-12-05 00:45:44 +0000: Memory Usage (2617144K) : Executing rule ESD.8
2022-12-05 00:45:44 +0000: Memory Usage (2617144K) : Executing rule ESD.pl
2022-12-05 00:45:44 +0000: Memory Usage (2617144K) : Executing rule ESD.9
2022-12-05 00:45:44 +0000: Memory Usage (2617144K) : Executing rule ESD.10
2022-12-05 00:45:44 +0000: Memory Usage (2617144K) : Executing rule CO.1
2022-12-05 00:45:49 +0000: Memory Usage (2725924K) : Executing rule CO.2a
2022-12-05 00:46:00 +0000: Memory Usage (2858444K) : Executing rule CO.2b
2022-12-05 00:46:00 +0000: Memory Usage (2858444K) : Executing rule CO.3
2022-12-05 00:46:06 +0000: Memory Usage (3091680K) : Executing rule CO.4
2022-12-05 00:46:14 +0000: Memory Usage (3344348K) : Executing rule CO.5a
2022-12-05 00:46:15 +0000: Memory Usage (3344348K) : Executing rule CO.5b
2022-12-05 00:46:15 +0000: Memory Usage (3344348K) : Executing rule CO.6
2022-12-05 00:47:11 +0000: Memory Usage (3434064K) : Executing rule CO.6a
2022-12-05 00:49:25 +0000: Memory Usage (4222356K) : Executing rule CO.6b
2022-12-05 00:49:29 +0000: Memory Usage (4307752K) : Executing rule CO.7
2022-12-05 00:49:34 +0000: Memory Usage (4343932K) : Executing rule CO.8
2022-12-05 00:49:36 +0000: Memory Usage (4343932K) : Executing rule CO.9
2022-12-05 00:49:37 +0000: Memory Usage (4343932K) : Executing rule CO.10
2022-12-05 00:49:37 +0000: Memory Usage (4343932K) : Executing rule CO.11
2022-12-05 00:49:44 +0000: Memory Usage (4395688K) : Executing rule MC.1
2022-12-05 00:49:44 +0000: Memory Usage (4395688K) : Executing rule MC.2
2022-12-05 00:49:44 +0000: Memory Usage (4395688K) : Executing rule MC.3
2022-12-05 00:49:44 +0000: Memory Usage (4395688K) : Executing rule MC.4
2022-12-05 00:49:44 +0000: Memory Usage (4395688K) : Executing rule PRES.1
2022-12-05 00:49:44 +0000: Memory Usage (4395688K) : Executing rule PRES.2
2022-12-05 00:49:45 +0000: Memory Usage (4395688K) : Executing rule PRES.3
2022-12-05 00:49:45 +0000: Memory Usage (4395688K) : Executing rule PRES.4
2022-12-05 00:49:45 +0000: Memory Usage (4395688K) : Executing rule PRES.5
2022-12-05 00:49:45 +0000: Memory Usage (4395688K) : Executing rule PRES.6
2022-12-05 00:49:45 +0000: Memory Usage (4395688K) : Executing rule PRES.7
2022-12-05 00:49:46 +0000: Memory Usage (4395688K) : Executing rule PRES.9a
2022-12-05 00:49:46 +0000: Memory Usage (4395688K) : Executing rule PRES.9b
2022-12-05 00:49:46 +0000: Memory Usage (4395688K) : Executing rule LRES.1
2022-12-05 00:49:46 +0000: Memory Usage (4395688K) : Executing rule LRES.2
2022-12-05 00:49:47 +0000: Memory Usage (4395688K) : Executing rule LRES.3
2022-12-05 00:49:47 +0000: Memory Usage (4395688K) : Executing rule LRES.4
2022-12-05 00:49:47 +0000: Memory Usage (4395688K) : Executing rule LRES.5
2022-12-05 00:49:48 +0000: Memory Usage (4395688K) : Executing rule LRES.6
2022-12-05 00:49:48 +0000: Memory Usage (4395688K) : Executing rule LRES.7
2022-12-05 00:49:49 +0000: Memory Usage (4395688K) : Executing rule LRES.9a
2022-12-05 00:49:49 +0000: Memory Usage (4395688K) : Executing rule LRES.9b
2022-12-05 00:49:50 +0000: Memory Usage (4395688K) : Executing rule HRES.1
2022-12-05 00:49:50 +0000: Memory Usage (4395688K) : Executing rule HRES.2
2022-12-05 00:49:50 +0000: Memory Usage (4395688K) : Executing rule HRES.3
2022-12-05 00:49:51 +0000: Memory Usage (4395688K) : Executing rule HRES.4
2022-12-05 00:49:51 +0000: Memory Usage (4395688K) : Executing rule HRES.5
2022-12-05 00:49:51 +0000: Memory Usage (4395688K) : Executing rule HRES.6
2022-12-05 00:49:52 +0000: Memory Usage (4395688K) : Executing rule HRES.7
2022-12-05 00:49:52 +0000: Memory Usage (4395688K) : Executing rule HRES.8
2022-12-05 00:49:52 +0000: Memory Usage (4395688K) : Executing rule HRES.9
2022-12-05 00:49:52 +0000: Memory Usage (4395688K) : Executing rule HRES.10
2022-12-05 00:49:53 +0000: Memory Usage (4395688K) : Executing rule HRES.12a
2022-12-05 00:49:53 +0000: Memory Usage (4395688K) : Executing rule HRES.12b
2022-12-05 00:49:53 +0000: Memory Usage (4395688K) : MIM Capacitor Option B section
2022-12-05 00:49:53 +0000: Memory Usage (4395688K) : Executing rule MIMTM.1
2022-12-05 00:49:53 +0000: Memory Usage (4395688K) : Executing rule MIMTM.2
2022-12-05 00:49:54 +0000: Memory Usage (4395688K) : Executing rule MIMTM.3
2022-12-05 00:49:54 +0000: Memory Usage (4395688K) : Executing rule MIMTM.4
2022-12-05 00:49:54 +0000: Memory Usage (4395688K) : Executing rule MIMTM.5
2022-12-05 00:49:54 +0000: Memory Usage (4395688K) : Executing rule MIMTM.6
2022-12-05 00:49:54 +0000: Memory Usage (4395688K) : Executing rule MIMTM.7
2022-12-05 00:49:55 +0000: Memory Usage (4395688K) : Executing rule MIMTM.8a
2022-12-05 00:49:55 +0000: Memory Usage (4395688K) : Executing rule MIMTM.8b
2022-12-05 00:49:55 +0000: Memory Usage (4395688K) : Executing rule MIMTM.9
2022-12-05 00:49:55 +0000: Memory Usage (4395688K) : Executing rule MIMTM.10
2022-12-05 00:49:55 +0000: Memory Usage (4395688K) : Executing rule MIMTM.11
2022-12-05 00:49:55 +0000: Memory Usage (4395688K) : Executing rule NAT.1
2022-12-05 00:49:56 +0000: Memory Usage (4395688K) : Executing rule NAT.2
2022-12-05 00:49:56 +0000: Memory Usage (4395688K) : Executing rule NAT.3
2022-12-05 00:49:56 +0000: Memory Usage (4395688K) : Executing rule NAT.4
2022-12-05 00:49:57 +0000: Memory Usage (4395688K) : Executing rule NAT.5
2022-12-05 00:49:59 +0000: Memory Usage (4395688K) : CONNECTIVITY_RULES section
2022-12-05 00:49:59 +0000: Memory Usage (4395688K) : Executing rule NAT.6
2022-12-05 00:49:59 +0000: Memory Usage (4395688K) : Executing rule NAT.7
2022-12-05 00:49:59 +0000: Memory Usage (4395688K) : Executing rule NAT.8
2022-12-05 00:49:59 +0000: Memory Usage (4395688K) : Executing rule NAT.9
2022-12-05 00:49:59 +0000: Memory Usage (4395688K) : Executing rule NAT.10
2022-12-05 00:49:59 +0000: Memory Usage (4395688K) : Executing rule NAT.11
2022-12-05 00:50:00 +0000: Memory Usage (4395688K) : Executing rule NAT.12
2022-12-05 00:50:00 +0000: Memory Usage (4395688K) : Executing rule BJT.1
2022-12-05 00:50:00 +0000: Memory Usage (4395688K) : Executing rule BJT.2
2022-12-05 00:50:01 +0000: Memory Usage (4416568K) : Executing rule BJT.3
2022-12-05 00:50:01 +0000: Memory Usage (4416568K) : Executing rule DE.2
2022-12-05 00:50:01 +0000: Memory Usage (4416568K) : Executing rule DE.3
2022-12-05 00:50:01 +0000: Memory Usage (4416568K) : Executing rule DE.4
2022-12-05 00:50:02 +0000: Memory Usage (4422820K) : Executing rule LVS_BJT.1
2022-12-05 00:50:02 +0000: Memory Usage (4422820K) : Executing rule O.DF.3a
2022-12-05 00:50:02 +0000: Memory Usage (4422820K) : Executing rule O.DF.6
2022-12-05 00:50:02 +0000: Memory Usage (4422820K) : Executing rule O.DF.9
2022-12-05 00:50:02 +0000: Memory Usage (4422820K) : Executing rule O.PL.2
2022-12-05 00:50:04 +0000: Memory Usage (4442792K) : Executing rule O.PL.3a
2022-12-05 00:50:07 +0000: Memory Usage (4485288K) : Executing rule O.PL.4
2022-12-05 00:50:07 +0000: Memory Usage (4485288K) : Executing rule O.SB.2
2022-12-05 00:50:07 +0000: Memory Usage (4485288K) : Executing rule O.SB.3
2022-12-05 00:50:07 +0000: Memory Usage (4485288K) : Executing rule O.SB.4
2022-12-05 00:50:07 +0000: Memory Usage (4485288K) : Executing rule O.SB.5b_3.3V
2022-12-05 00:50:08 +0000: Memory Usage (4485288K) : Executing rule O.SB.9
2022-12-05 00:50:08 +0000: Memory Usage (4485288K) : Executing rule O.SB.11
2022-12-05 00:50:08 +0000: Memory Usage (4485288K) : Executing rule O.SB.13_3.3V
2022-12-05 00:50:08 +0000: Memory Usage (4485288K) : Executing rule O.SB.13_5V
2022-12-05 00:50:08 +0000: Memory Usage (4485288K) : Executing rule O.CO.7
2022-12-05 00:50:12 +0000: Memory Usage (4696720K) : Executing rule O.PL.ORT
2022-12-05 00:50:19 +0000: Memory Usage (4696720K) : Executing rule EF.01
2022-12-05 00:50:19 +0000: Memory Usage (4696720K) : Executing rule EF.02
2022-12-05 00:50:19 +0000: Memory Usage (4696720K) : Executing rule EF.03
2022-12-05 00:50:19 +0000: Memory Usage (4696720K) : Executing rule EF.04a
2022-12-05 00:50:20 +0000: Memory Usage (4696720K) : Executing rule EF.04b
2022-12-05 00:50:20 +0000: Memory Usage (4696720K) : Executing rule EF.04c
2022-12-05 00:50:20 +0000: Memory Usage (4696720K) : Executing rule EF.04d
2022-12-05 00:50:20 +0000: Memory Usage (4696720K) : Executing rule EF.05
2022-12-05 00:50:20 +0000: Memory Usage (4696720K) : Executing rule EF.06
2022-12-05 00:50:20 +0000: Memory Usage (4696720K) : Executing rule EF.07
2022-12-05 00:50:21 +0000: Memory Usage (4696720K) : Executing rule EF.08
2022-12-05 00:50:21 +0000: Memory Usage (4696720K) : Executing rule EF.09
2022-12-05 00:50:21 +0000: Memory Usage (4696720K) : Executing rule EF.10
2022-12-05 00:50:21 +0000: Memory Usage (4696720K) : Executing rule EF.11
2022-12-05 00:50:21 +0000: Memory Usage (4696720K) : Executing rule EF.12
2022-12-05 00:50:21 +0000: Memory Usage (4696720K) : Executing rule EF.13
2022-12-05 00:50:22 +0000: Memory Usage (4696720K) : Executing rule EF.14
2022-12-05 00:50:22 +0000: Memory Usage (4696720K) : Executing rule EF.15
2022-12-05 00:50:22 +0000: Memory Usage (4696720K) : Executing rule EF.16a
2022-12-05 00:50:22 +0000: Memory Usage (4696720K) : Executing rule EF.16b
2022-12-05 00:50:22 +0000: Memory Usage (4696720K) : Executing rule EF.17
2022-12-05 00:50:22 +0000: Memory Usage (4696720K) : Executing rule EF.18
2022-12-05 00:50:26 +0000: Memory Usage (4799884K) : Executing rule EF.19
2022-12-05 00:50:28 +0000: Memory Usage (4799884K) : Executing rule EF.20
2022-12-05 00:50:29 +0000: Memory Usage (4799884K) : Executing rule EF.21
2022-12-05 00:50:29 +0000: Memory Usage (4799884K) : Executing rule EF.22a
2022-12-05 00:50:29 +0000: Memory Usage (4799884K) : Executing rule EF.22b
2022-12-05 00:50:29 +0000: Memory Usage (4799884K) : Executing rule MDN.1
2022-12-05 00:50:29 +0000: Memory Usage (4799884K) : CONNECTIVITY_RULES section
2022-12-05 00:50:29 +0000: Memory Usage (4799884K) : Executing rule MDN.2a
2022-12-05 00:50:30 +0000: Memory Usage (4799884K) : Executing rule MDN.2b
2022-12-05 00:50:32 +0000: Memory Usage (4799884K) : Executing rule MDN.3a
2022-12-05 00:50:32 +0000: Memory Usage (4799884K) : Executing rule MDN.3b
2022-12-05 00:50:32 +0000: Memory Usage (4799884K) : Executing rule MDN.4a
2022-12-05 00:50:33 +0000: Memory Usage (4799884K) : Executing rule MDN.4b
2022-12-05 00:50:33 +0000: Memory Usage (4799884K) : Executing rule MDN.5ai
2022-12-05 00:50:33 +0000: Memory Usage (4799884K) : Executing rule MDN.5aii
2022-12-05 00:50:34 +0000: Memory Usage (4799884K) : Executing rule MDN.5b
2022-12-05 00:50:34 +0000: Memory Usage (4799884K) : Executing rule MDN.5c
2022-12-05 00:50:34 +0000: Memory Usage (4799884K) : Executing rule MDN.6
2022-12-05 00:50:36 +0000: Memory Usage (4799884K) : Executing rule MDN.6a
2022-12-05 00:50:36 +0000: Memory Usage (4799884K) : Executing rule MDN.7
2022-12-05 00:50:36 +0000: Memory Usage (4799884K) : Executing rule MDN.7a
2022-12-05 00:50:36 +0000: Memory Usage (4799884K) : CONNECTIVITY_RULES section
2022-12-05 00:50:36 +0000: Memory Usage (4799884K) : Executing rule MDN.8a
2022-12-05 00:50:36 +0000: Memory Usage (4799884K) : Executing rule MDN.8b
2022-12-05 00:50:37 +0000: Memory Usage (4799884K) : Executing rule MDN.9
2022-12-05 00:50:38 +0000: Memory Usage (4819032K) : Executing rule MDN.10a
2022-12-05 00:50:38 +0000: Memory Usage (4819032K) : Executing rule MDN.10b
2022-12-05 00:50:39 +0000: Memory Usage (4819032K) : Executing rule MDN.10c
2022-12-05 00:50:42 +0000: Memory Usage (4852140K) : Executing rule MDN.10d
2022-12-05 00:50:42 +0000: Memory Usage (4852140K) : Executing rule MDN.10ei
2022-12-05 00:50:44 +0000: Memory Usage (4854780K) : Executing rule MDN.10eii
2022-12-05 00:50:44 +0000: Memory Usage (4854780K) : Executing rule MDN.10f
2022-12-05 00:50:46 +0000: Memory Usage (4917680K) : Executing rule MDN.11
2022-12-05 00:50:48 +0000: Memory Usage (4921644K) : Executing rule MDN.12
2022-12-05 00:50:48 +0000: Memory Usage (4921644K) : Executing rule MDN.13a
2022-12-05 00:50:50 +0000: Memory Usage (4933152K) : Executing rule MDN.13b
2022-12-05 00:50:50 +0000: Memory Usage (4933152K) : Executing rule MDN.13c
2022-12-05 00:50:53 +0000: Memory Usage (4969364K) : Executing rule MDN.13d
2022-12-05 00:50:53 +0000: Memory Usage (4969364K) : Executing rule MDN.14
2022-12-05 00:50:53 +0000: Memory Usage (4969364K) : Executing rule MDN.15a
2022-12-05 00:50:54 +0000: Memory Usage (4969364K) : Executing rule MDN.15b
2022-12-05 00:50:56 +0000: Memory Usage (4969364K) : Executing rule MDN.17
2022-12-05 00:50:57 +0000: Memory Usage (4985072K) : Executing rule MDP.1
2022-12-05 00:51:00 +0000: Memory Usage (5027584K) : Executing rule MDP.1a
2022-12-05 00:56:53 +0000: Memory Usage (5610500K) : Executing rule MDP.2
2022-12-05 00:56:54 +0000: Memory Usage (5635076K) : Executing rule MDP.3
2022-12-05 00:56:55 +0000: Memory Usage (5635076K) : Executing rule MDP.3ai
2022-12-05 00:56:55 +0000: Memory Usage (5635076K) : Executing rule MDP.3aii
2022-12-05 00:56:55 +0000: Memory Usage (5635076K) : Executing rule MDP.3b
2022-12-05 00:56:55 +0000: Memory Usage (5635076K) : Executing rule MDP.3c
2022-12-05 00:56:56 +0000: Memory Usage (5635076K) : Executing rule MDP.3d
2022-12-05 00:56:56 +0000: Memory Usage (5635076K) : Executing rule MDP.4
2022-12-05 00:57:03 +0000: Memory Usage (5663320K) : Executing rule MDP.4a
2022-12-05 00:57:03 +0000: Memory Usage (5663320K) : Executing rule MDP.4b
2022-12-05 00:57:04 +0000: Memory Usage (5663320K) : Executing rule MDP.5
2022-12-05 00:57:05 +0000: Memory Usage (5672744K) : Executing rule MDP.5a
2022-12-05 00:57:05 +0000: Memory Usage (5672744K) : Executing rule MDP.6
2022-12-05 00:57:06 +0000: Memory Usage (5672744K) : Executing rule MDP.6a
2022-12-05 00:57:06 +0000: Memory Usage (5672744K) : Executing rule MDP.7
2022-12-05 00:57:06 +0000: Memory Usage (5672744K) : Executing rule MDP.8
2022-12-05 00:57:06 +0000: Memory Usage (5672744K) : Executing rule MDP.9a
2022-12-05 00:57:07 +0000: Memory Usage (5672744K) : Executing rule MDP.9b
2022-12-05 00:57:07 +0000: Memory Usage (5672744K) : Executing rule MDP.9c
2022-12-05 00:57:09 +0000: Memory Usage (5716080K) : Executing rule MDP.9d
2022-12-05 00:57:16 +0000: Memory Usage (5788668K) : Executing rule MDP.9ei
2022-12-05 00:57:18 +0000: Memory Usage (5818564K) : Executing rule MDP.9eii
2022-12-05 00:57:18 +0000: Memory Usage (5818564K) : Executing rule MDP.9f
2022-12-05 00:57:22 +0000: Memory Usage (5841500K) : Executing rule MDP.10
2022-12-05 00:57:23 +0000: Memory Usage (5841500K) : CONNECTIVITY_RULES section
2022-12-05 00:57:24 +0000: Memory Usage (5841500K) : Executing rule MDP.10a
2022-12-05 00:57:24 +0000: Memory Usage (5841500K) : Executing rule MDP.10b
2022-12-05 00:57:24 +0000: Memory Usage (5841500K) : Executing rule MDP.11
2022-12-05 00:57:25 +0000: Memory Usage (5841500K) : Executing rule MDP.12
2022-12-05 00:57:29 +0000: Memory Usage (5864904K) : Executing rule MDP.13a
2022-12-05 00:57:31 +0000: Memory Usage (5890616K) : Executing rule MDP.13b
2022-12-05 00:57:31 +0000: Memory Usage (5890616K) : Executing rule MDP.13c
2022-12-05 00:57:32 +0000: Memory Usage (5917060K) : Executing rule MDP.15
2022-12-05 00:57:32 +0000: Memory Usage (5917060K) : Executing rule MDP.16a
2022-12-05 00:57:33 +0000: Memory Usage (5917060K) : Executing rule MDP.16b
2022-12-05 00:57:33 +0000: Memory Usage (5917060K) : Executing rule MDP.17a
2022-12-05 00:57:33 +0000: Memory Usage (5917060K) : Executing rule MDP.17c
2022-12-05 00:57:33 +0000: Memory Usage (5917060K) : Executing rule Y.NW.2b_3.3V
2022-12-05 00:57:34 +0000: Memory Usage (5917060K) : Executing rule Y.NW.2b_5V
2022-12-05 00:57:34 +0000: Memory Usage (5917060K) : Executing rule Y.DF.6_5V
2022-12-05 00:57:34 +0000: Memory Usage (5917060K) : Executing rule Y.DF.16_3.3V
2022-12-05 00:57:35 +0000: Memory Usage (5917060K) : Executing rule Y.DF.16_5V
2022-12-05 00:57:35 +0000: Memory Usage (5917060K) : Executing rule Y.PL.1_3.3V
2022-12-05 00:57:36 +0000: Memory Usage (5917060K) : Executing rule Y.PL.1_5V
2022-12-05 00:57:36 +0000: Memory Usage (5917060K) : Executing rule Y.PL.2_3.3V
2022-12-05 00:57:38 +0000: Memory Usage (5940912K) : Executing rule Y.PL.2_5V
2022-12-05 00:57:41 +0000: Memory Usage (5960744K) : Executing rule Y.PL.4_5V
2022-12-05 00:57:41 +0000: Memory Usage (5960744K) : Executing rule Y.PL.5a_3.3V
2022-12-05 00:57:41 +0000: Memory Usage (5960744K) : Executing rule Y.PL.5a_5V
2022-12-05 00:57:41 +0000: Memory Usage (5960744K) : Executing rule Y.PL.5b_3.3V
2022-12-05 00:57:42 +0000: Memory Usage (5960744K) : Executing rule Y.PL.5b_5V
2022-12-05 00:57:42 +0000: Memory Usage (5960744K) : Executing rule S.DF.4c_MV
2022-12-05 00:57:42 +0000: Memory Usage (5960744K) : Executing rule S.DF.6_MV
2022-12-05 00:57:42 +0000: Memory Usage (5960744K) : Executing rule S.DF.7_MV
2022-12-05 00:57:43 +0000: Memory Usage (5960744K) : Executing rule S.DF.8_MV
2022-12-05 00:57:43 +0000: Memory Usage (5960744K) : Executing rule S.DF.16_MV
2022-12-05 00:57:43 +0000: Memory Usage (5984620K) : Executing rule S.PL.5a_MV
2022-12-05 00:57:44 +0000: Memory Usage (5984620K) : Executing rule S.PL.5b_MV
2022-12-05 00:57:44 +0000: Memory Usage (5984620K) : Executing rule S.CO.4_MV
2022-12-05 00:57:44 +0000: Memory Usage (5984620K) : Executing rule S.DF.4c_LV
2022-12-05 00:57:44 +0000: Memory Usage (5984620K) : Executing rule S.DF.16_LV
2022-12-05 00:57:45 +0000: Memory Usage (6007532K) : Executing rule S.CO.3_LV
2022-12-05 00:57:45 +0000: Memory Usage (6007532K) : Executing rule S.CO.4_LV
2022-12-05 00:57:46 +0000: Memory Usage (6007532K) : Executing rule S.CO.6_ii_LV
2022-12-05 00:57:46 +0000: Memory Usage (6007532K) : Executing rule S.M1.1_LV
2022-12-05 00:57:46 +0000: Memory Usage (6007532K) : OFFGRID-ANGLES section
2022-12-05 00:57:46 +0000: Memory Usage (6007532K) : Executing rule comp_OFFGRID
2022-12-05 00:57:47 +0000: Memory Usage (6007532K) : Executing rule dnwell_OFFGRID
2022-12-05 00:57:47 +0000: Memory Usage (6007532K) : Executing rule nwell_OFFGRID
2022-12-05 00:57:47 +0000: Memory Usage (6007532K) : Executing rule lvpwell_OFFGRID
2022-12-05 00:57:47 +0000: Memory Usage (6007532K) : Executing rule dualgate_OFFGRID
2022-12-05 00:57:47 +0000: Memory Usage (6007532K) : Executing rule poly2_OFFGRID
2022-12-05 00:57:48 +0000: Memory Usage (6007532K) : Executing rule nplus_OFFGRID
2022-12-05 00:57:48 +0000: Memory Usage (6007532K) : Executing rule pplus_OFFGRID
2022-12-05 00:57:48 +0000: Memory Usage (6007532K) : Executing rule sab_OFFGRID
2022-12-05 00:57:48 +0000: Memory Usage (6007532K) : Executing rule esd_OFFGRID
2022-12-05 00:57:48 +0000: Memory Usage (6007532K) : Executing rule contact_OFFGRID
2022-12-05 00:57:49 +0000: Memory Usage (6007532K) : Executing rule metal1_OFFGRID
2022-12-05 00:57:49 +0000: Memory Usage (6007532K) : Executing rule via1_OFFGRID
2022-12-05 00:57:49 +0000: Memory Usage (6007532K) : Executing rule metal2_OFFGRID
2022-12-05 00:57:49 +0000: Memory Usage (6007532K) : Executing rule via2_OFFGRID
2022-12-05 00:57:49 +0000: Memory Usage (6007532K) : Executing rule metal3_OFFGRID
2022-12-05 00:57:50 +0000: Memory Usage (6007532K) : Executing rule via3_OFFGRID
2022-12-05 00:57:50 +0000: Memory Usage (6007532K) : Executing rule metal4_OFFGRID
2022-12-05 00:57:50 +0000: Memory Usage (6007532K) : Executing rule via4_OFFGRID
2022-12-05 00:57:50 +0000: Memory Usage (6007532K) : Executing rule metal5_OFFGRID
2022-12-05 00:57:50 +0000: Memory Usage (6007532K) : Executing rule via5_OFFGRID
2022-12-05 00:57:50 +0000: Memory Usage (6007532K) : Executing rule metaltop_OFFGRID
2022-12-05 00:57:51 +0000: Memory Usage (6007532K) : Executing rule pad_OFFGRID
2022-12-05 00:57:51 +0000: Memory Usage (6007532K) : Executing rule resistor_OFFGRID
2022-12-05 00:57:51 +0000: Memory Usage (6007532K) : Executing rule fhres_OFFGRID
2022-12-05 00:57:51 +0000: Memory Usage (6007532K) : Executing rule fusetop_OFFGRID
2022-12-05 00:57:51 +0000: Memory Usage (6007532K) : Executing rule fusewindow_d_OFFGRID
2022-12-05 00:57:52 +0000: Memory Usage (6007532K) : Executing rule polyfuse_OFFGRID
2022-12-05 00:57:52 +0000: Memory Usage (6007532K) : Executing rule mvsd_OFFGRID
2022-12-05 00:57:52 +0000: Memory Usage (6007532K) : Executing rule mvpsd_OFFGRID
2022-12-05 00:57:52 +0000: Memory Usage (6007532K) : Executing rule nat_OFFGRID
2022-12-05 00:57:52 +0000: Memory Usage (6007532K) : Executing rule comp_dummy_OFFGRID
2022-12-05 00:57:52 +0000: Memory Usage (6007532K) : Executing rule poly2_dummy_OFFGRID
2022-12-05 00:57:53 +0000: Memory Usage (6007532K) : Executing rule metal1_dummy_OFFGRID
2022-12-05 00:57:53 +0000: Memory Usage (6007532K) : Executing rule metal2_dummy_OFFGRID
2022-12-05 00:57:53 +0000: Memory Usage (6007532K) : Executing rule metal3_dummy_OFFGRID
2022-12-05 00:57:53 +0000: Memory Usage (6007532K) : Executing rule metal4_dummy_OFFGRID
2022-12-05 00:57:53 +0000: Memory Usage (6007532K) : Executing rule metal5_dummy_OFFGRID
2022-12-05 00:57:54 +0000: Memory Usage (6007532K) : Executing rule metaltop_dummy_OFFGRID
2022-12-05 00:57:54 +0000: Memory Usage (6007532K) : Executing rule comp_label_OFFGRID
2022-12-05 00:57:54 +0000: Memory Usage (6007532K) : Executing rule poly2_label_OFFGRID
2022-12-05 00:57:54 +0000: Memory Usage (6007532K) : Executing rule metal1_label_OFFGRID
2022-12-05 00:57:54 +0000: Memory Usage (6007532K) : Executing rule metal2_label_OFFGRID
2022-12-05 00:57:54 +0000: Memory Usage (6007532K) : Executing rule metal3_label_OFFGRID
2022-12-05 00:57:55 +0000: Memory Usage (6007532K) : Executing rule metal4_label_OFFGRID
2022-12-05 00:57:55 +0000: Memory Usage (6007532K) : Executing rule metal5_label_OFFGRID
2022-12-05 00:57:55 +0000: Memory Usage (6007532K) : Executing rule metaltop_label_OFFGRID
2022-12-05 00:57:55 +0000: Memory Usage (6007532K) : Executing rule metal1_slot_OFFGRID
2022-12-05 00:57:55 +0000: Memory Usage (6007532K) : Executing rule metal2_slot_OFFGRID
2022-12-05 00:57:55 +0000: Memory Usage (6007532K) : Executing rule metal3_slot_OFFGRID
2022-12-05 00:57:56 +0000: Memory Usage (6007532K) : Executing rule metal4_slot_OFFGRID
2022-12-05 00:57:56 +0000: Memory Usage (6007532K) : Executing rule metal5_slot_OFFGRID
2022-12-05 00:57:56 +0000: Memory Usage (6007532K) : Executing rule metaltop_slot_OFFGRID
2022-12-05 00:57:56 +0000: Memory Usage (6007532K) : Executing rule ubmpperi_OFFGRID
2022-12-05 00:57:56 +0000: Memory Usage (6007532K) : Executing rule ubmparray_OFFGRID
2022-12-05 00:57:57 +0000: Memory Usage (6007532K) : Executing rule ubmeplate_OFFGRID
2022-12-05 00:57:57 +0000: Memory Usage (6007532K) : Executing rule schottky_diode_OFFGRID
2022-12-05 00:57:57 +0000: Memory Usage (6007532K) : Executing rule zener_OFFGRID
2022-12-05 00:57:57 +0000: Memory Usage (6007532K) : Executing rule res_mk_OFFGRID
2022-12-05 00:57:57 +0000: Memory Usage (6007532K) : Executing rule opc_drc_OFFGRID
2022-12-05 00:57:57 +0000: Memory Usage (6007532K) : Executing rule ndmy_OFFGRID
2022-12-05 00:57:58 +0000: Memory Usage (6007532K) : Executing rule pmndmy_OFFGRID
2022-12-05 00:57:58 +0000: Memory Usage (6007532K) : Executing rule v5_xtor_OFFGRID
2022-12-05 00:57:58 +0000: Memory Usage (6007532K) : Executing rule cap_mk_OFFGRID
2022-12-05 00:57:58 +0000: Memory Usage (6007532K) : Executing rule mos_cap_mk_OFFGRID
2022-12-05 00:57:58 +0000: Memory Usage (6007532K) : Executing rule ind_mk_OFFGRID
2022-12-05 00:57:58 +0000: Memory Usage (6007532K) : Executing rule diode_mk_OFFGRID
2022-12-05 00:57:59 +0000: Memory Usage (6007532K) : Executing rule drc_bjt_OFFGRID
2022-12-05 00:57:59 +0000: Memory Usage (6007532K) : Executing rule lvs_bjt_OFFGRID
2022-12-05 00:57:59 +0000: Memory Usage (6007532K) : Executing rule mim_l_mk_OFFGRID
2022-12-05 00:57:59 +0000: Memory Usage (6007532K) : Executing rule latchup_mk_OFFGRID
2022-12-05 00:57:59 +0000: Memory Usage (6007532K) : Executing rule guard_ring_mk_OFFGRID
2022-12-05 00:57:59 +0000: Memory Usage (6007532K) : Executing rule otp_mk_OFFGRID
2022-12-05 00:58:00 +0000: Memory Usage (6007532K) : Executing rule mtpmark_OFFGRID
2022-12-05 00:58:00 +0000: Memory Usage (6007532K) : Executing rule neo_ee_mk_OFFGRID
2022-12-05 00:58:00 +0000: Memory Usage (6007532K) : Executing rule sramcore_OFFGRID
2022-12-05 00:58:00 +0000: Memory Usage (6007532K) : Executing rule lvs_rf_OFFGRID
2022-12-05 00:58:01 +0000: Memory Usage (6007532K) : Executing rule lvs_drain_OFFGRID
2022-12-05 00:58:01 +0000: Memory Usage (6007532K) : Executing rule hvpolyrs_OFFGRID
2022-12-05 00:58:01 +0000: Memory Usage (6007532K) : Executing rule lvs_io_OFFGRID
2022-12-05 00:58:01 +0000: Memory Usage (6007532K) : Executing rule probe_mk_OFFGRID
2022-12-05 00:58:01 +0000: Memory Usage (6007532K) : Executing rule esd_mk_OFFGRID
2022-12-05 00:58:02 +0000: Memory Usage (6007532K) : Executing rule lvs_source_OFFGRID
2022-12-05 00:58:02 +0000: Memory Usage (6007532K) : Executing rule well_diode_mk_OFFGRID
2022-12-05 00:58:02 +0000: Memory Usage (6007532K) : Executing rule ldmos_xtor_OFFGRID
2022-12-05 00:58:02 +0000: Memory Usage (6007532K) : Executing rule plfuse_OFFGRID
2022-12-05 00:58:02 +0000: Memory Usage (6007532K) : Executing rule efuse_mk_OFFGRID
2022-12-05 00:58:02 +0000: Memory Usage (6007532K) : Executing rule mcell_feol_mk_OFFGRID
2022-12-05 00:58:03 +0000: Memory Usage (6007532K) : Executing rule ymtp_mk_OFFGRID
2022-12-05 00:58:03 +0000: Memory Usage (6007532K) : Executing rule dev_wf_mk_OFFGRID
2022-12-05 00:58:03 +0000: Memory Usage (6007532K) : Executing rule metal1_blk_OFFGRID
2022-12-05 00:58:04 +0000: Memory Usage (6007532K) : Executing rule metal2_blk_OFFGRID
2022-12-05 00:58:04 +0000: Memory Usage (6007532K) : Executing rule metal3_blk_OFFGRID
2022-12-05 00:58:04 +0000: Memory Usage (6007532K) : Executing rule metal4_blk_OFFGRID
2022-12-05 00:58:04 +0000: Memory Usage (6007532K) : Executing rule metal5_blk_OFFGRID
2022-12-05 00:58:05 +0000: Memory Usage (6007532K) : Executing rule metalt_blk_OFFGRID
2022-12-05 00:58:05 +0000: Memory Usage (6007532K) : Executing rule pr_bndry_OFFGRID
2022-12-05 00:58:05 +0000: Memory Usage (6007532K) : Executing rule mdiode_OFFGRID
2022-12-05 00:58:05 +0000: Memory Usage (6007532K) : Executing rule metal1_res_OFFGRID
2022-12-05 00:58:06 +0000: Memory Usage (6007532K) : Executing rule metal2_res_OFFGRID
2022-12-05 00:58:06 +0000: Memory Usage (6007532K) : Executing rule metal3_res_OFFGRID
2022-12-05 00:58:06 +0000: Memory Usage (6007532K) : Executing rule metal4_res_OFFGRID
2022-12-05 00:58:06 +0000: Memory Usage (6007532K) : Executing rule metal5_res_OFFGRID
2022-12-05 00:58:07 +0000: Memory Usage (6007532K) : Executing rule metal6_res_OFFGRID
2022-12-05 00:58:07 +0000: Memory Usage (6007532K) : Executing rule border_OFFGRID
VmPeak:	 6170160 kB
VmHWM:	 5373644 kB
2022-12-05 00:58:07 +0000: Memory Usage (6007532K) : DRC Total Run time 930.337548 seconds
